#-----------------------------------------------------------
# Webtalk v2018.1 (64-bit)
# SW Build 2188600 on Wed Apr  4 18:40:38 MDT 2018
# 
# Start of session at: Thu Oct 18 23:09:29 2018
# Process ID: 12044
# Current directory: F:/SOC/PYNQ-Z2/Project/05-FirstDesign/first_zynq_design.sdk/webtalk
# Command line: wbtcv.exe -mode batch -source sdk_webtalk.tcl
# Log file: F:/SOC/PYNQ-Z2/Project/05-FirstDesign/first_zynq_design.sdk/webtalk/webtalk.log
# Journal file: F:/SOC/PYNQ-Z2/Project/05-FirstDesign/first_zynq_design.sdk/webtalk\webtalk.jou
#-----------------------------------------------------------
source sdk_webtalk.tcl
# webtalk_init -webtalk_dir F:\\SOC\\PYNQ-Z2\\Project\\05-FirstDesign\\first_zynq_design.sdk\\webtalk
# webtalk_register_client -client project
# webtalk_add_data -client project -key date_generated -value "2018-10-18 23:09:21" -context "software_version_and_target_device"
# webtalk_add_data -client project -key product_version -value "SDK v2018.1" -context "software_version_and_target_device"
# webtalk_add_data -client project -key build_version -value "2018.1" -context "software_version_and_target_device"
# webtalk_add_data -client project -key os_platform -value "amd64" -context "software_version_and_target_device"
# webtalk_add_data -client project -key registration_id -value "" -context "software_version_and_target_device"
# webtalk_add_data -client project -key tool_flow -value "SDK" -context "software_version_and_target_device"
# webtalk_add_data -client project -key beta -value "false" -context "software_version_and_target_device"
# webtalk_add_data -client project -key route_design -value "NA" -context "software_version_and_target_device"
# webtalk_add_data -client project -key target_family -value "NA" -context "software_version_and_target_device"
# webtalk_add_data -client project -key target_device -value "NA" -context "software_version_and_target_device"
# webtalk_add_data -client project -key target_package -value "NA" -context "software_version_and_target_device"
# webtalk_add_data -client project -key target_speed -value "NA" -context "software_version_and_target_device"
# webtalk_add_data -client project -key random_id -value "e5ohk6gof7stfpo3e324lj54e3" -context "software_version_and_target_device"
# webtalk_add_data -client project -key project_id -value "2018.1_10" -context "software_version_and_target_device"
# webtalk_add_data -client project -key project_iteration -value "10" -context "software_version_and_target_device"
# webtalk_add_data -client project -key os_name -value "Microsoft Windows 8 or later , 64-bit" -context "user_environment"
# webtalk_add_data -client project -key os_release -value "major release  (build 9200)" -context "user_environment"
# webtalk_add_data -client project -key cpu_name -value "Intel(R) Core(TM) i5-4200U CPU @ 1.60GHz" -context "user_environment"
# webtalk_add_data -client project -key cpu_speed -value "2295 MHz" -context "user_environment"
# webtalk_add_data -client project -key total_processors -value "1" -context "user_environment"
# webtalk_add_data -client project -key system_ram -value "3.984 GB" -context "user_environment"
# webtalk_register_client -client sdk
# webtalk_add_data -client sdk -key uid -value "1539874501855" -context "sdk\\\\hardware/1539874501855"
# webtalk_add_data -client sdk -key isZynq -value "true" -context "sdk\\\\hardware/1539874501855"
# webtalk_add_data -client sdk -key isZynqMP -value "false" -context "sdk\\\\hardware/1539874501855"
# webtalk_add_data -client sdk -key Processors -value "2" -context "sdk\\\\hardware/1539874501855"
# webtalk_add_data -client sdk -key VivadoVersion -value "2018.1" -context "sdk\\\\hardware/1539874501855"
# webtalk_add_data -client sdk -key Arch -value "zynq" -context "sdk\\\\hardware/1539874501855"
# webtalk_add_data -client sdk -key Device -value "7z020" -context "sdk\\\\hardware/1539874501855"
# webtalk_add_data -client sdk -key IsHandoff -value "true" -context "sdk\\\\hardware/1539874501855"
# webtalk_add_data -client sdk -key os -value "NA" -context "sdk\\\\hardware/1539874501855"
# webtalk_add_data -client sdk -key apptemplate -value "NA" -context "sdk\\\\hardware/1539874501855"
# webtalk_add_data -client sdk -key RecordType -value "HWCreation" -context "sdk\\\\hardware/1539874501855"
# webtalk_add_data -client sdk -key uid -value "1539874576584" -context "sdk\\\\bsp/1539874576584"
# webtalk_add_data -client sdk -key hwid -value "1539874501855" -context "sdk\\\\bsp/1539874576584"
# webtalk_add_data -client sdk -key os -value "standalone" -context "sdk\\\\bsp/1539874576584"
# webtalk_add_data -client sdk -key apptemplate -value "hello_world" -context "sdk\\\\bsp/1539874576584"
# webtalk_add_data -client sdk -key RecordType -value "BSPCreation" -context "sdk\\\\bsp/1539874576584"
# webtalk_add_data -client sdk -key uid -value "1539874581278" -context "sdk\\\\application/1539874581278"
# webtalk_add_data -client sdk -key hwid -value "1539874501855" -context "sdk\\\\application/1539874581278"
# webtalk_add_data -client sdk -key bspid -value "1539874576584" -context "sdk\\\\application/1539874581278"
# webtalk_add_data -client sdk -key newbsp -value "true" -context "sdk\\\\application/1539874581278"
# webtalk_add_data -client sdk -key os -value "standalone" -context "sdk\\\\application/1539874581278"
# webtalk_add_data -client sdk -key apptemplate -value "hello_world" -context "sdk\\\\application/1539874581278"
# webtalk_add_data -client sdk -key RecordType -value "APPCreation" -context "sdk\\\\application/1539874581278"
# webtalk_add_data -client sdk -key LangUsed -value "C" -context "sdk\\\\application/1539874581278"
# webtalk_add_data -client sdk -key Procused -value "ps7_cortexa9" -context "sdk\\\\application/1539874581278"
# webtalk_add_data -client sdk -key projSize -value "200.453125" -context "sdk\\\\application/1539874581278"
# webtalk_add_data -client sdk -key uid -value "NA" -context "sdk\\\\bsp/1539875360326"
# webtalk_add_data -client sdk -key RecordType -value "ToolUsage" -context "sdk\\\\bsp/1539875360326"
# webtalk_add_data -client sdk -key BootgenCount -value "0" -context "sdk\\\\bsp/1539875360326"
# webtalk_add_data -client sdk -key DebugCount -value "6" -context "sdk\\\\bsp/1539875360326"
# webtalk_add_data -client sdk -key PerfCount -value "0" -context "sdk\\\\bsp/1539875360326"
# webtalk_add_data -client sdk -key FlashCount -value "0" -context "sdk\\\\bsp/1539875360326"
# webtalk_add_data -client sdk -key CrossTriggCount -value "0" -context "sdk\\\\bsp/1539875360326"
# webtalk_add_data -client sdk -key QemuDebugCount -value "0" -context "sdk\\\\bsp/1539875360326"
# webtalk_transmit -clientid 633783000 -regid "" -xml F:\\SOC\\PYNQ-Z2\\Project\\05-FirstDesign\\first_zynq_design.sdk\\webtalk\\usage_statistics_ext_sdk.xml -html F:\\SOC\\PYNQ-Z2\\Project\\05-FirstDesign\\first_zynq_design.sdk\\webtalk\\usage_statistics_ext_sdk.html -wdm F:\\SOC\\PYNQ-Z2\\Project\\05-FirstDesign\\first_zynq_design.sdk\\webtalk\\sdk_webtalk.wdm -intro "<H3>SDK Usage Report</H3><BR>"
INFO: [Common 17-186] 'F:\SOC\PYNQ-Z2\Project\05-FirstDesign\first_zynq_design.sdk\webtalk\usage_statistics_ext_sdk.xml' has been successfully sent to Xilinx on Thu Oct 18 23:09:56 2018. For additional details about this file, please refer to the WebTalk help file at E:/Xilinx/SDK/2018.1/doc/webtalk_introduction.html.
webtalk_transmit: Time (s): cpu = 00:00:00 ; elapsed = 00:00:08 . Memory (MB): peak = 53.633 ; gain = 0.262
# webtalk_terminate
INFO: [Common 17-206] Exiting Webtalk at Thu Oct 18 23:09:56 2018...
