#-----------------------------------------------------------
# Webtalk v2018.1 (64-bit)
# SW Build 2188600 on Wed Apr  4 18:40:38 MDT 2018
# 
# Start of session at: Fri Oct 19 12:06:40 2018
# Process ID: 5520
# Current directory: F:/SOC/PYNQ-Z2/Project/05-FirstDesign/first_zynq_design.sdk/webtalk
# Command line: wbtcv.exe -mode batch -source sdk_webtalk.tcl
# Log file: F:/SOC/PYNQ-Z2/Project/05-FirstDesign/first_zynq_design.sdk/webtalk/webtalk.log
# Journal file: F:/SOC/PYNQ-Z2/Project/05-FirstDesign/first_zynq_design.sdk/webtalk\webtalk.jou
#-----------------------------------------------------------
source sdk_webtalk.tcl
# webtalk_init -webtalk_dir F:\\SOC\\PYNQ-Z2\\Project\\05-FirstDesign\\first_zynq_design.sdk\\webtalk
# webtalk_register_client -client project
# webtalk_add_data -client project -key date_generated -value "2018-10-19 12:06:35" -context "software_version_and_target_device"
# webtalk_add_data -client project -key product_version -value "SDK v2018.1" -context "software_version_and_target_device"
# webtalk_add_data -client project -key build_version -value "2018.1" -context "software_version_and_target_device"
# webtalk_add_data -client project -key os_platform -value "amd64" -context "software_version_and_target_device"
# webtalk_add_data -client project -key registration_id -value "" -context "software_version_and_target_device"
# webtalk_add_data -client project -key tool_flow -value "SDK" -context "software_version_and_target_device"
# webtalk_add_data -client project -key beta -value "false" -context "software_version_and_target_device"
# webtalk_add_data -client project -key route_design -value "NA" -context "software_version_and_target_device"
# webtalk_add_data -client project -key target_family -value "NA" -context "software_version_and_target_device"
# webtalk_add_data -client project -key target_device -value "NA" -context "software_version_and_target_device"
# webtalk_add_data -client project -key target_package -value "NA" -context "software_version_and_target_device"
# webtalk_add_data -client project -key target_speed -value "NA" -context "software_version_and_target_device"
# webtalk_add_data -client project -key random_id -value "k0rk4k4dhgroo1ak3rdckb2d8j" -context "software_version_and_target_device"
# webtalk_add_data -client project -key project_id -value "2018.1_11" -context "software_version_and_target_device"
# webtalk_add_data -client project -key project_iteration -value "11" -context "software_version_and_target_device"
# webtalk_add_data -client project -key os_name -value "Microsoft Windows 8 or later , 64-bit" -context "user_environment"
# webtalk_add_data -client project -key os_release -value "major release  (build 9200)" -context "user_environment"
# webtalk_add_data -client project -key cpu_name -value "Intel(R) Core(TM) i5-4200U CPU @ 1.60GHz" -context "user_environment"
# webtalk_add_data -client project -key cpu_speed -value "2295 MHz" -context "user_environment"
# webtalk_add_data -client project -key total_processors -value "1" -context "user_environment"
# webtalk_add_data -client project -key system_ram -value "3.984 GB" -context "user_environment"
# webtalk_register_client -client sdk
# webtalk_add_data -client sdk -key uid -value "1539920489819" -context "sdk\\\\application/1539920489819"
# webtalk_add_data -client sdk -key hwid -value "1539874501855" -context "sdk\\\\application/1539920489819"
# webtalk_add_data -client sdk -key bspid -value "1539874576584" -context "sdk\\\\application/1539920489819"
# webtalk_add_data -client sdk -key newbsp -value "false" -context "sdk\\\\application/1539920489819"
# webtalk_add_data -client sdk -key os -value "standalone" -context "sdk\\\\application/1539920489819"
# webtalk_add_data -client sdk -key apptemplate -value "empty_application" -context "sdk\\\\application/1539920489819"
# webtalk_add_data -client sdk -key RecordType -value "APPCreation" -context "sdk\\\\application/1539920489819"
# webtalk_add_data -client sdk -key LangUsed -value "C" -context "sdk\\\\application/1539920489819"
# webtalk_add_data -client sdk -key Procused -value "ps7_cortexa9" -context "sdk\\\\application/1539920489819"
# webtalk_add_data -client sdk -key projSize -value "239.55859375" -context "sdk\\\\application/1539920489819"
# webtalk_add_data -client sdk -key uid -value "1539920944139" -context "sdk\\\\application/1539920944139"
# webtalk_add_data -client sdk -key hwid -value "1539874501855" -context "sdk\\\\application/1539920944139"
# webtalk_add_data -client sdk -key bspid -value "1539874576584" -context "sdk\\\\application/1539920944139"
# webtalk_add_data -client sdk -key newbsp -value "false" -context "sdk\\\\application/1539920944139"
# webtalk_add_data -client sdk -key os -value "standalone" -context "sdk\\\\application/1539920944139"
# webtalk_add_data -client sdk -key apptemplate -value "empty_application" -context "sdk\\\\application/1539920944139"
# webtalk_add_data -client sdk -key RecordType -value "APPCreation" -context "sdk\\\\application/1539920944139"
# webtalk_add_data -client sdk -key LangUsed -value "C" -context "sdk\\\\application/1539920944139"
# webtalk_add_data -client sdk -key Procused -value "ps7_cortexa9" -context "sdk\\\\application/1539920944139"
# webtalk_add_data -client sdk -key projSize -value "240.23828125" -context "sdk\\\\application/1539920944139"
# webtalk_add_data -client sdk -key uid -value "NA" -context "sdk\\\\bsp/1539921995154"
# webtalk_add_data -client sdk -key RecordType -value "ToolUsage" -context "sdk\\\\bsp/1539921995154"
# webtalk_add_data -client sdk -key BootgenCount -value "0" -context "sdk\\\\bsp/1539921995154"
# webtalk_add_data -client sdk -key DebugCount -value "9" -context "sdk\\\\bsp/1539921995154"
# webtalk_add_data -client sdk -key PerfCount -value "0" -context "sdk\\\\bsp/1539921995154"
# webtalk_add_data -client sdk -key FlashCount -value "0" -context "sdk\\\\bsp/1539921995154"
# webtalk_add_data -client sdk -key CrossTriggCount -value "0" -context "sdk\\\\bsp/1539921995154"
# webtalk_add_data -client sdk -key QemuDebugCount -value "0" -context "sdk\\\\bsp/1539921995154"
# webtalk_transmit -clientid 2095501112 -regid "" -xml F:\\SOC\\PYNQ-Z2\\Project\\05-FirstDesign\\first_zynq_design.sdk\\webtalk\\usage_statistics_ext_sdk.xml -html F:\\SOC\\PYNQ-Z2\\Project\\05-FirstDesign\\first_zynq_design.sdk\\webtalk\\usage_statistics_ext_sdk.html -wdm F:\\SOC\\PYNQ-Z2\\Project\\05-FirstDesign\\first_zynq_design.sdk\\webtalk\\sdk_webtalk.wdm -intro "<H3>SDK Usage Report</H3><BR>"
INFO: [Common 17-186] 'F:\SOC\PYNQ-Z2\Project\05-FirstDesign\first_zynq_design.sdk\webtalk\usage_statistics_ext_sdk.xml' has been successfully sent to Xilinx on Fri Oct 19 12:06:52 2018. For additional details about this file, please refer to the WebTalk help file at E:/Xilinx/SDK/2018.1/doc/webtalk_introduction.html.
webtalk_transmit: Time (s): cpu = 00:00:00 ; elapsed = 00:00:08 . Memory (MB): peak = 53.332 ; gain = 0.281
# webtalk_terminate
INFO: [Common 17-206] Exiting Webtalk at Fri Oct 19 12:06:52 2018...
