Copyright 1986-2018 Xilinx, Inc. All Rights Reserved.
------------------------------------------------------------------------------------------------------------------------------------------------------------------------
| Tool Version : Vivado v.2018.1 (win64) Build 2188600 Wed Apr  4 18:40:38 MDT 2018
| Date         : Thu Oct 18 22:40:21 2018
| Host         : IOZ5FB9SCHQZKW2 running 64-bit major release  (build 9200)
| Command      : report_drc -file zynq_system_design_wrapper_drc_routed.rpt -pb zynq_system_design_wrapper_drc_routed.pb -rpx zynq_system_design_wrapper_drc_routed.rpx
| Design       : zynq_system_design_wrapper
| Device       : xc7z020clg400-1
| Speed File   : -1
| Design State : Routed
------------------------------------------------------------------------------------------------------------------------------------------------------------------------

Report DRC

Table of Contents
-----------------
1. REPORT SUMMARY
2. REPORT DETAILS

1. REPORT SUMMARY
-----------------
            Netlist: netlist
          Floorplan: design_1
      Design limits: <entire design considered>
           Ruledeck: default
             Max violations: <unlimited>
             Violations found: 0
+------+----------+-------------+------------+
| Rule | Severity | Description | Violations |
+------+----------+-------------+------------+
+------+----------+-------------+------------+

2. REPORT DETAILS
-----------------

