Copyright 1986-2018 Xilinx, Inc. All Rights Reserved.
-----------------------------------------------------------------------------------------------------------------------------------------------------------------------------------------
| Tool Version : Vivado v.2018.1 (win64) Build 2188600 Wed Apr  4 18:40:38 MDT 2018
| Date         : Fri Oct 12 21:57:04 2018
| Host         : IOZ5FB9SCHQZKW2 running 64-bit major release  (build 9200)
| Command      : report_timing_summary -max_paths 10 -file PL_led_timing_summary_routed.rpt -pb PL_led_timing_summary_routed.pb -rpx PL_led_timing_summary_routed.rpx -warn_on_violation
| Design       : PL_led
| Device       : 7z020-clg400
| Speed File   : -2  PRODUCTION 1.11 2014-09-11
-----------------------------------------------------------------------------------------------------------------------------------------------------------------------------------------

Timing Summary Report

------------------------------------------------------------------------------------------------
| Timer Settings
| --------------
------------------------------------------------------------------------------------------------

  Enable Multi Corner Analysis               :  Yes
  Enable Pessimism Removal                   :  Yes
  Pessimism Removal Resolution               :  Nearest Common Node
  Enable Input Delay Default Clock           :  No
  Enable Preset / Clear Arcs                 :  No
  Disable Flight Delays                      :  No
  Ignore I/O Paths                           :  No
  Timing Early Launch at Borrowing Latches   :  false

  Corner  Analyze    Analyze    
  Name    Max Paths  Min Paths  
  ------  ---------  ---------  
  Slow    Yes        Yes        
  Fast    Yes        Yes        



check_timing report

Table of Contents
-----------------
1. checking no_clock
2. checking constant_clock
3. checking pulse_width_clock
4. checking unconstrained_internal_endpoints
5. checking no_input_delay
6. checking no_output_delay
7. checking multiple_clock
8. checking generated_clocks
9. checking loops
10. checking partial_input_delay
11. checking partial_output_delay
12. checking latch_loops

1. checking no_clock
--------------------
 There are 0 register/latch pins with no clock.


2. checking constant_clock
--------------------------
 There are 0 register/latch pins with constant_clock.


3. checking pulse_width_clock
-----------------------------
 There are 0 register/latch pins which need pulse_width check


4. checking unconstrained_internal_endpoints
--------------------------------------------
 There are 0 pins that are not constrained for maximum delay.

 There are 0 pins that are not constrained for maximum delay due to constant clock.


5. checking no_input_delay
--------------------------
 There are 0 input ports with no input delay specified.

 There are 0 input ports with no input delay but user has a false path constraint.


6. checking no_output_delay
---------------------------
 There are 4 ports with no output delay specified. (HIGH)

 There are 0 ports with no output delay but user has a false path constraint

 There are 0 ports with no output delay but with a timing clock defined on it or propagating through it


7. checking multiple_clock
--------------------------
 There are 0 register/latch pins with multiple clocks.


8. checking generated_clocks
----------------------------
 There are 0 generated clocks that are not connected to a clock source.


9. checking loops
-----------------
 There are 0 combinational loops in the design.


10. checking partial_input_delay
--------------------------------
 There are 0 input ports with partial input delay specified.


11. checking partial_output_delay
---------------------------------
 There are 0 ports with partial output delay specified.


12. checking latch_loops
------------------------
 There are 0 combinational latch loops in the design through latch input



------------------------------------------------------------------------------------------------
| Design Timing Summary
| ---------------------
------------------------------------------------------------------------------------------------

    WNS(ns)      TNS(ns)  TNS Failing Endpoints  TNS Total Endpoints      WHS(ns)      THS(ns)  THS Failing Endpoints  THS Total Endpoints     WPWS(ns)     TPWS(ns)  TPWS Failing Endpoints  TPWS Total Endpoints  
    -------      -------  ---------------------  -------------------      -------      -------  ---------------------  -------------------     --------     --------  ----------------------  --------------------  
      4.637        0.000                      0                   72        0.262        0.000                      0                   72        3.500        0.000                       0                    37  


All user specified timing constraints are met.


------------------------------------------------------------------------------------------------
| Clock Summary
| -------------
------------------------------------------------------------------------------------------------

Clock        Waveform(ns)         Period(ns)      Frequency(MHz)
-----        ------------         ----------      --------------
sys_clk_pin  {0.000 4.000}        8.000           125.000         


------------------------------------------------------------------------------------------------
| Intra Clock Table
| -----------------
------------------------------------------------------------------------------------------------

Clock             WNS(ns)      TNS(ns)  TNS Failing Endpoints  TNS Total Endpoints      WHS(ns)      THS(ns)  THS Failing Endpoints  THS Total Endpoints     WPWS(ns)     TPWS(ns)  TPWS Failing Endpoints  TPWS Total Endpoints  
-----             -------      -------  ---------------------  -------------------      -------      -------  ---------------------  -------------------     --------     --------  ----------------------  --------------------  
sys_clk_pin         4.637        0.000                      0                   72        0.262        0.000                      0                   72        3.500        0.000                       0                    37  


------------------------------------------------------------------------------------------------
| Inter Clock Table
| -----------------
------------------------------------------------------------------------------------------------

From Clock    To Clock          WNS(ns)      TNS(ns)  TNS Failing Endpoints  TNS Total Endpoints      WHS(ns)      THS(ns)  THS Failing Endpoints  THS Total Endpoints  
----------    --------          -------      -------  ---------------------  -------------------      -------      -------  ---------------------  -------------------  


------------------------------------------------------------------------------------------------
| Other Path Groups Table
| -----------------------
------------------------------------------------------------------------------------------------

Path Group    From Clock    To Clock          WNS(ns)      TNS(ns)  TNS Failing Endpoints  TNS Total Endpoints      WHS(ns)      THS(ns)  THS Failing Endpoints  THS Total Endpoints  
----------    ----------    --------          -------      -------  ---------------------  -------------------      -------      -------  ---------------------  -------------------  


------------------------------------------------------------------------------------------------
| Timing Details
| --------------
------------------------------------------------------------------------------------------------


---------------------------------------------------------------------------------------------------
From Clock:  sys_clk_pin
  To Clock:  sys_clk_pin

Setup :            0  Failing Endpoints,  Worst Slack        4.637ns,  Total Violation        0.000ns
Hold  :            0  Failing Endpoints,  Worst Slack        0.262ns,  Total Violation        0.000ns
PW    :            0  Failing Endpoints,  Worst Slack        3.500ns,  Total Violation        0.000ns
---------------------------------------------------------------------------------------------------


Max Delay Paths
--------------------------------------------------------------------------------------
Slack (MET) :             4.637ns  (required time - arrival time)
  Source:                 timer_cnt_reg[7]/C
                            (rising edge-triggered cell FDRE clocked by sys_clk_pin  {rise@0.000ns fall@4.000ns period=8.000ns})
  Destination:            timer_cnt_reg[28]/R
                            (rising edge-triggered cell FDRE clocked by sys_clk_pin  {rise@0.000ns fall@4.000ns period=8.000ns})
  Path Group:             sys_clk_pin
  Path Type:              Setup (Max at Slow Process Corner)
  Requirement:            8.000ns  (sys_clk_pin rise@8.000ns - sys_clk_pin rise@0.000ns)
  Data Path Delay:        2.878ns  (logic 0.748ns (25.994%)  route 2.130ns (74.006%))
  Logic Levels:           3  (LUT5=1 LUT6=2)
  Clock Path Skew:        -0.027ns (DCD - SCD + CPR)
    Destination Clock Delay (DCD):    4.769ns = ( 12.769 - 8.000 ) 
    Source Clock Delay      (SCD):    5.202ns
    Clock Pessimism Removal (CPR):    0.406ns
  Clock Uncertainty:      0.035ns  ((TSJ^2 + TIJ^2)^1/2 + DJ) / 2 + PE
    Total System Jitter     (TSJ):    0.071ns
    Total Input Jitter      (TIJ):    0.000ns
    Discrete Jitter          (DJ):    0.000ns
    Phase Error              (PE):    0.000ns

    Location             Delay type                Incr(ns)  Path(ns)    Netlist Resource(s)
  -------------------------------------------------------------------    -------------------
                         (clock sys_clk_pin rise edge)
                                                      0.000     0.000 r  
    H16                                               0.000     0.000 r  sysclk (IN)
                         net (fo=0)                   0.000     0.000    sysclk
    H16                  IBUF (Prop_ibuf_I_O)         1.382     1.382 r  sysclk_IBUF_inst/O
                         net (fo=1, routed)           2.160     3.542    sysclk_IBUF
    BUFGCTRL_X0Y16       BUFG (Prop_bufg_I_O)         0.085     3.627 r  sysclk_IBUF_BUFG_inst/O
                         net (fo=36, routed)          1.575     5.202    sysclk_IBUF_BUFG
    SLICE_X112Y92        FDRE                                         r  timer_cnt_reg[7]/C
  -------------------------------------------------------------------    -------------------
    SLICE_X112Y92        FDRE (Prop_fdre_C_Q)         0.433     5.635 r  timer_cnt_reg[7]/Q
                         net (fo=2, routed)           0.662     6.297    timer_cnt_reg[7]
    SLICE_X113Y93        LUT5 (Prop_lut5_I1_O)        0.105     6.402 r  led[3]_i_7/O
                         net (fo=1, routed)           0.310     6.712    led[3]_i_7_n_0
    SLICE_X113Y92        LUT6 (Prop_lut6_I1_O)        0.105     6.817 f  led[3]_i_4/O
                         net (fo=1, routed)           0.433     7.250    led[3]_i_4_n_0
    SLICE_X113Y95        LUT6 (Prop_lut6_I2_O)        0.105     7.355 r  led[3]_i_1/O
                         net (fo=36, routed)          0.724     8.079    clear
    SLICE_X112Y98        FDRE                                         r  timer_cnt_reg[28]/R
  -------------------------------------------------------------------    -------------------

                         (clock sys_clk_pin rise edge)
                                                      8.000     8.000 r  
    H16                                               0.000     8.000 r  sysclk (IN)
                         net (fo=0)                   0.000     8.000    sysclk
    H16                  IBUF (Prop_ibuf_I_O)         1.316     9.316 r  sysclk_IBUF_inst/O
                         net (fo=1, routed)           1.961    11.277    sysclk_IBUF
    BUFGCTRL_X0Y16       BUFG (Prop_bufg_I_O)         0.077    11.354 r  sysclk_IBUF_BUFG_inst/O
                         net (fo=36, routed)          1.415    12.769    sysclk_IBUF_BUFG
    SLICE_X112Y98        FDRE                                         r  timer_cnt_reg[28]/C
                         clock pessimism              0.406    13.175    
                         clock uncertainty           -0.035    13.139    
    SLICE_X112Y98        FDRE (Setup_fdre_C_R)       -0.423    12.716    timer_cnt_reg[28]
  -------------------------------------------------------------------
                         required time                         12.716    
                         arrival time                          -8.079    
  -------------------------------------------------------------------
                         slack                                  4.637    

Slack (MET) :             4.637ns  (required time - arrival time)
  Source:                 timer_cnt_reg[7]/C
                            (rising edge-triggered cell FDRE clocked by sys_clk_pin  {rise@0.000ns fall@4.000ns period=8.000ns})
  Destination:            timer_cnt_reg[29]/R
                            (rising edge-triggered cell FDRE clocked by sys_clk_pin  {rise@0.000ns fall@4.000ns period=8.000ns})
  Path Group:             sys_clk_pin
  Path Type:              Setup (Max at Slow Process Corner)
  Requirement:            8.000ns  (sys_clk_pin rise@8.000ns - sys_clk_pin rise@0.000ns)
  Data Path Delay:        2.878ns  (logic 0.748ns (25.994%)  route 2.130ns (74.006%))
  Logic Levels:           3  (LUT5=1 LUT6=2)
  Clock Path Skew:        -0.027ns (DCD - SCD + CPR)
    Destination Clock Delay (DCD):    4.769ns = ( 12.769 - 8.000 ) 
    Source Clock Delay      (SCD):    5.202ns
    Clock Pessimism Removal (CPR):    0.406ns
  Clock Uncertainty:      0.035ns  ((TSJ^2 + TIJ^2)^1/2 + DJ) / 2 + PE
    Total System Jitter     (TSJ):    0.071ns
    Total Input Jitter      (TIJ):    0.000ns
    Discrete Jitter          (DJ):    0.000ns
    Phase Error              (PE):    0.000ns

    Location             Delay type                Incr(ns)  Path(ns)    Netlist Resource(s)
  -------------------------------------------------------------------    -------------------
                         (clock sys_clk_pin rise edge)
                                                      0.000     0.000 r  
    H16                                               0.000     0.000 r  sysclk (IN)
                         net (fo=0)                   0.000     0.000    sysclk
    H16                  IBUF (Prop_ibuf_I_O)         1.382     1.382 r  sysclk_IBUF_inst/O
                         net (fo=1, routed)           2.160     3.542    sysclk_IBUF
    BUFGCTRL_X0Y16       BUFG (Prop_bufg_I_O)         0.085     3.627 r  sysclk_IBUF_BUFG_inst/O
                         net (fo=36, routed)          1.575     5.202    sysclk_IBUF_BUFG
    SLICE_X112Y92        FDRE                                         r  timer_cnt_reg[7]/C
  -------------------------------------------------------------------    -------------------
    SLICE_X112Y92        FDRE (Prop_fdre_C_Q)         0.433     5.635 r  timer_cnt_reg[7]/Q
                         net (fo=2, routed)           0.662     6.297    timer_cnt_reg[7]
    SLICE_X113Y93        LUT5 (Prop_lut5_I1_O)        0.105     6.402 r  led[3]_i_7/O
                         net (fo=1, routed)           0.310     6.712    led[3]_i_7_n_0
    SLICE_X113Y92        LUT6 (Prop_lut6_I1_O)        0.105     6.817 f  led[3]_i_4/O
                         net (fo=1, routed)           0.433     7.250    led[3]_i_4_n_0
    SLICE_X113Y95        LUT6 (Prop_lut6_I2_O)        0.105     7.355 r  led[3]_i_1/O
                         net (fo=36, routed)          0.724     8.079    clear
    SLICE_X112Y98        FDRE                                         r  timer_cnt_reg[29]/R
  -------------------------------------------------------------------    -------------------

                         (clock sys_clk_pin rise edge)
                                                      8.000     8.000 r  
    H16                                               0.000     8.000 r  sysclk (IN)
                         net (fo=0)                   0.000     8.000    sysclk
    H16                  IBUF (Prop_ibuf_I_O)         1.316     9.316 r  sysclk_IBUF_inst/O
                         net (fo=1, routed)           1.961    11.277    sysclk_IBUF
    BUFGCTRL_X0Y16       BUFG (Prop_bufg_I_O)         0.077    11.354 r  sysclk_IBUF_BUFG_inst/O
                         net (fo=36, routed)          1.415    12.769    sysclk_IBUF_BUFG
    SLICE_X112Y98        FDRE                                         r  timer_cnt_reg[29]/C
                         clock pessimism              0.406    13.175    
                         clock uncertainty           -0.035    13.139    
    SLICE_X112Y98        FDRE (Setup_fdre_C_R)       -0.423    12.716    timer_cnt_reg[29]
  -------------------------------------------------------------------
                         required time                         12.716    
                         arrival time                          -8.079    
  -------------------------------------------------------------------
                         slack                                  4.637    

Slack (MET) :             4.637ns  (required time - arrival time)
  Source:                 timer_cnt_reg[7]/C
                            (rising edge-triggered cell FDRE clocked by sys_clk_pin  {rise@0.000ns fall@4.000ns period=8.000ns})
  Destination:            timer_cnt_reg[30]/R
                            (rising edge-triggered cell FDRE clocked by sys_clk_pin  {rise@0.000ns fall@4.000ns period=8.000ns})
  Path Group:             sys_clk_pin
  Path Type:              Setup (Max at Slow Process Corner)
  Requirement:            8.000ns  (sys_clk_pin rise@8.000ns - sys_clk_pin rise@0.000ns)
  Data Path Delay:        2.878ns  (logic 0.748ns (25.994%)  route 2.130ns (74.006%))
  Logic Levels:           3  (LUT5=1 LUT6=2)
  Clock Path Skew:        -0.027ns (DCD - SCD + CPR)
    Destination Clock Delay (DCD):    4.769ns = ( 12.769 - 8.000 ) 
    Source Clock Delay      (SCD):    5.202ns
    Clock Pessimism Removal (CPR):    0.406ns
  Clock Uncertainty:      0.035ns  ((TSJ^2 + TIJ^2)^1/2 + DJ) / 2 + PE
    Total System Jitter     (TSJ):    0.071ns
    Total Input Jitter      (TIJ):    0.000ns
    Discrete Jitter          (DJ):    0.000ns
    Phase Error              (PE):    0.000ns

    Location             Delay type                Incr(ns)  Path(ns)    Netlist Resource(s)
  -------------------------------------------------------------------    -------------------
                         (clock sys_clk_pin rise edge)
                                                      0.000     0.000 r  
    H16                                               0.000     0.000 r  sysclk (IN)
                         net (fo=0)                   0.000     0.000    sysclk
    H16                  IBUF (Prop_ibuf_I_O)         1.382     1.382 r  sysclk_IBUF_inst/O
                         net (fo=1, routed)           2.160     3.542    sysclk_IBUF
    BUFGCTRL_X0Y16       BUFG (Prop_bufg_I_O)         0.085     3.627 r  sysclk_IBUF_BUFG_inst/O
                         net (fo=36, routed)          1.575     5.202    sysclk_IBUF_BUFG
    SLICE_X112Y92        FDRE                                         r  timer_cnt_reg[7]/C
  -------------------------------------------------------------------    -------------------
    SLICE_X112Y92        FDRE (Prop_fdre_C_Q)         0.433     5.635 r  timer_cnt_reg[7]/Q
                         net (fo=2, routed)           0.662     6.297    timer_cnt_reg[7]
    SLICE_X113Y93        LUT5 (Prop_lut5_I1_O)        0.105     6.402 r  led[3]_i_7/O
                         net (fo=1, routed)           0.310     6.712    led[3]_i_7_n_0
    SLICE_X113Y92        LUT6 (Prop_lut6_I1_O)        0.105     6.817 f  led[3]_i_4/O
                         net (fo=1, routed)           0.433     7.250    led[3]_i_4_n_0
    SLICE_X113Y95        LUT6 (Prop_lut6_I2_O)        0.105     7.355 r  led[3]_i_1/O
                         net (fo=36, routed)          0.724     8.079    clear
    SLICE_X112Y98        FDRE                                         r  timer_cnt_reg[30]/R
  -------------------------------------------------------------------    -------------------

                         (clock sys_clk_pin rise edge)
                                                      8.000     8.000 r  
    H16                                               0.000     8.000 r  sysclk (IN)
                         net (fo=0)                   0.000     8.000    sysclk
    H16                  IBUF (Prop_ibuf_I_O)         1.316     9.316 r  sysclk_IBUF_inst/O
                         net (fo=1, routed)           1.961    11.277    sysclk_IBUF
    BUFGCTRL_X0Y16       BUFG (Prop_bufg_I_O)         0.077    11.354 r  sysclk_IBUF_BUFG_inst/O
                         net (fo=36, routed)          1.415    12.769    sysclk_IBUF_BUFG
    SLICE_X112Y98        FDRE                                         r  timer_cnt_reg[30]/C
                         clock pessimism              0.406    13.175    
                         clock uncertainty           -0.035    13.139    
    SLICE_X112Y98        FDRE (Setup_fdre_C_R)       -0.423    12.716    timer_cnt_reg[30]
  -------------------------------------------------------------------
                         required time                         12.716    
                         arrival time                          -8.079    
  -------------------------------------------------------------------
                         slack                                  4.637    

Slack (MET) :             4.637ns  (required time - arrival time)
  Source:                 timer_cnt_reg[7]/C
                            (rising edge-triggered cell FDRE clocked by sys_clk_pin  {rise@0.000ns fall@4.000ns period=8.000ns})
  Destination:            timer_cnt_reg[31]/R
                            (rising edge-triggered cell FDRE clocked by sys_clk_pin  {rise@0.000ns fall@4.000ns period=8.000ns})
  Path Group:             sys_clk_pin
  Path Type:              Setup (Max at Slow Process Corner)
  Requirement:            8.000ns  (sys_clk_pin rise@8.000ns - sys_clk_pin rise@0.000ns)
  Data Path Delay:        2.878ns  (logic 0.748ns (25.994%)  route 2.130ns (74.006%))
  Logic Levels:           3  (LUT5=1 LUT6=2)
  Clock Path Skew:        -0.027ns (DCD - SCD + CPR)
    Destination Clock Delay (DCD):    4.769ns = ( 12.769 - 8.000 ) 
    Source Clock Delay      (SCD):    5.202ns
    Clock Pessimism Removal (CPR):    0.406ns
  Clock Uncertainty:      0.035ns  ((TSJ^2 + TIJ^2)^1/2 + DJ) / 2 + PE
    Total System Jitter     (TSJ):    0.071ns
    Total Input Jitter      (TIJ):    0.000ns
    Discrete Jitter          (DJ):    0.000ns
    Phase Error              (PE):    0.000ns

    Location             Delay type                Incr(ns)  Path(ns)    Netlist Resource(s)
  -------------------------------------------------------------------    -------------------
                         (clock sys_clk_pin rise edge)
                                                      0.000     0.000 r  
    H16                                               0.000     0.000 r  sysclk (IN)
                         net (fo=0)                   0.000     0.000    sysclk
    H16                  IBUF (Prop_ibuf_I_O)         1.382     1.382 r  sysclk_IBUF_inst/O
                         net (fo=1, routed)           2.160     3.542    sysclk_IBUF
    BUFGCTRL_X0Y16       BUFG (Prop_bufg_I_O)         0.085     3.627 r  sysclk_IBUF_BUFG_inst/O
                         net (fo=36, routed)          1.575     5.202    sysclk_IBUF_BUFG
    SLICE_X112Y92        FDRE                                         r  timer_cnt_reg[7]/C
  -------------------------------------------------------------------    -------------------
    SLICE_X112Y92        FDRE (Prop_fdre_C_Q)         0.433     5.635 r  timer_cnt_reg[7]/Q
                         net (fo=2, routed)           0.662     6.297    timer_cnt_reg[7]
    SLICE_X113Y93        LUT5 (Prop_lut5_I1_O)        0.105     6.402 r  led[3]_i_7/O
                         net (fo=1, routed)           0.310     6.712    led[3]_i_7_n_0
    SLICE_X113Y92        LUT6 (Prop_lut6_I1_O)        0.105     6.817 f  led[3]_i_4/O
                         net (fo=1, routed)           0.433     7.250    led[3]_i_4_n_0
    SLICE_X113Y95        LUT6 (Prop_lut6_I2_O)        0.105     7.355 r  led[3]_i_1/O
                         net (fo=36, routed)          0.724     8.079    clear
    SLICE_X112Y98        FDRE                                         r  timer_cnt_reg[31]/R
  -------------------------------------------------------------------    -------------------

                         (clock sys_clk_pin rise edge)
                                                      8.000     8.000 r  
    H16                                               0.000     8.000 r  sysclk (IN)
                         net (fo=0)                   0.000     8.000    sysclk
    H16                  IBUF (Prop_ibuf_I_O)         1.316     9.316 r  sysclk_IBUF_inst/O
                         net (fo=1, routed)           1.961    11.277    sysclk_IBUF
    BUFGCTRL_X0Y16       BUFG (Prop_bufg_I_O)         0.077    11.354 r  sysclk_IBUF_BUFG_inst/O
                         net (fo=36, routed)          1.415    12.769    sysclk_IBUF_BUFG
    SLICE_X112Y98        FDRE                                         r  timer_cnt_reg[31]/C
                         clock pessimism              0.406    13.175    
                         clock uncertainty           -0.035    13.139    
    SLICE_X112Y98        FDRE (Setup_fdre_C_R)       -0.423    12.716    timer_cnt_reg[31]
  -------------------------------------------------------------------
                         required time                         12.716    
                         arrival time                          -8.079    
  -------------------------------------------------------------------
                         slack                                  4.637    

Slack (MET) :             4.717ns  (required time - arrival time)
  Source:                 timer_cnt_reg[7]/C
                            (rising edge-triggered cell FDRE clocked by sys_clk_pin  {rise@0.000ns fall@4.000ns period=8.000ns})
  Destination:            timer_cnt_reg[0]/R
                            (rising edge-triggered cell FDRE clocked by sys_clk_pin  {rise@0.000ns fall@4.000ns period=8.000ns})
  Path Group:             sys_clk_pin
  Path Type:              Setup (Max at Slow Process Corner)
  Requirement:            8.000ns  (sys_clk_pin rise@8.000ns - sys_clk_pin rise@0.000ns)
  Data Path Delay:        2.796ns  (logic 0.748ns (26.751%)  route 2.048ns (73.249%))
  Logic Levels:           3  (LUT5=1 LUT6=2)
  Clock Path Skew:        -0.028ns (DCD - SCD + CPR)
    Destination Clock Delay (DCD):    4.768ns = ( 12.768 - 8.000 ) 
    Source Clock Delay      (SCD):    5.202ns
    Clock Pessimism Removal (CPR):    0.406ns
  Clock Uncertainty:      0.035ns  ((TSJ^2 + TIJ^2)^1/2 + DJ) / 2 + PE
    Total System Jitter     (TSJ):    0.071ns
    Total Input Jitter      (TIJ):    0.000ns
    Discrete Jitter          (DJ):    0.000ns
    Phase Error              (PE):    0.000ns

    Location             Delay type                Incr(ns)  Path(ns)    Netlist Resource(s)
  -------------------------------------------------------------------    -------------------
                         (clock sys_clk_pin rise edge)
                                                      0.000     0.000 r  
    H16                                               0.000     0.000 r  sysclk (IN)
                         net (fo=0)                   0.000     0.000    sysclk
    H16                  IBUF (Prop_ibuf_I_O)         1.382     1.382 r  sysclk_IBUF_inst/O
                         net (fo=1, routed)           2.160     3.542    sysclk_IBUF
    BUFGCTRL_X0Y16       BUFG (Prop_bufg_I_O)         0.085     3.627 r  sysclk_IBUF_BUFG_inst/O
                         net (fo=36, routed)          1.575     5.202    sysclk_IBUF_BUFG
    SLICE_X112Y92        FDRE                                         r  timer_cnt_reg[7]/C
  -------------------------------------------------------------------    -------------------
    SLICE_X112Y92        FDRE (Prop_fdre_C_Q)         0.433     5.635 r  timer_cnt_reg[7]/Q
                         net (fo=2, routed)           0.662     6.297    timer_cnt_reg[7]
    SLICE_X113Y93        LUT5 (Prop_lut5_I1_O)        0.105     6.402 r  led[3]_i_7/O
                         net (fo=1, routed)           0.310     6.712    led[3]_i_7_n_0
    SLICE_X113Y92        LUT6 (Prop_lut6_I1_O)        0.105     6.817 f  led[3]_i_4/O
                         net (fo=1, routed)           0.433     7.250    led[3]_i_4_n_0
    SLICE_X113Y95        LUT6 (Prop_lut6_I2_O)        0.105     7.355 r  led[3]_i_1/O
                         net (fo=36, routed)          0.643     7.998    clear
    SLICE_X112Y91        FDRE                                         r  timer_cnt_reg[0]/R
  -------------------------------------------------------------------    -------------------

                         (clock sys_clk_pin rise edge)
                                                      8.000     8.000 r  
    H16                                               0.000     8.000 r  sysclk (IN)
                         net (fo=0)                   0.000     8.000    sysclk
    H16                  IBUF (Prop_ibuf_I_O)         1.316     9.316 r  sysclk_IBUF_inst/O
                         net (fo=1, routed)           1.961    11.277    sysclk_IBUF
    BUFGCTRL_X0Y16       BUFG (Prop_bufg_I_O)         0.077    11.354 r  sysclk_IBUF_BUFG_inst/O
                         net (fo=36, routed)          1.414    12.768    sysclk_IBUF_BUFG
    SLICE_X112Y91        FDRE                                         r  timer_cnt_reg[0]/C
                         clock pessimism              0.406    13.174    
                         clock uncertainty           -0.035    13.138    
    SLICE_X112Y91        FDRE (Setup_fdre_C_R)       -0.423    12.715    timer_cnt_reg[0]
  -------------------------------------------------------------------
                         required time                         12.715    
                         arrival time                          -7.998    
  -------------------------------------------------------------------
                         slack                                  4.717    

Slack (MET) :             4.717ns  (required time - arrival time)
  Source:                 timer_cnt_reg[7]/C
                            (rising edge-triggered cell FDRE clocked by sys_clk_pin  {rise@0.000ns fall@4.000ns period=8.000ns})
  Destination:            timer_cnt_reg[1]/R
                            (rising edge-triggered cell FDRE clocked by sys_clk_pin  {rise@0.000ns fall@4.000ns period=8.000ns})
  Path Group:             sys_clk_pin
  Path Type:              Setup (Max at Slow Process Corner)
  Requirement:            8.000ns  (sys_clk_pin rise@8.000ns - sys_clk_pin rise@0.000ns)
  Data Path Delay:        2.796ns  (logic 0.748ns (26.751%)  route 2.048ns (73.249%))
  Logic Levels:           3  (LUT5=1 LUT6=2)
  Clock Path Skew:        -0.028ns (DCD - SCD + CPR)
    Destination Clock Delay (DCD):    4.768ns = ( 12.768 - 8.000 ) 
    Source Clock Delay      (SCD):    5.202ns
    Clock Pessimism Removal (CPR):    0.406ns
  Clock Uncertainty:      0.035ns  ((TSJ^2 + TIJ^2)^1/2 + DJ) / 2 + PE
    Total System Jitter     (TSJ):    0.071ns
    Total Input Jitter      (TIJ):    0.000ns
    Discrete Jitter          (DJ):    0.000ns
    Phase Error              (PE):    0.000ns

    Location             Delay type                Incr(ns)  Path(ns)    Netlist Resource(s)
  -------------------------------------------------------------------    -------------------
                         (clock sys_clk_pin rise edge)
                                                      0.000     0.000 r  
    H16                                               0.000     0.000 r  sysclk (IN)
                         net (fo=0)                   0.000     0.000    sysclk
    H16                  IBUF (Prop_ibuf_I_O)         1.382     1.382 r  sysclk_IBUF_inst/O
                         net (fo=1, routed)           2.160     3.542    sysclk_IBUF
    BUFGCTRL_X0Y16       BUFG (Prop_bufg_I_O)         0.085     3.627 r  sysclk_IBUF_BUFG_inst/O
                         net (fo=36, routed)          1.575     5.202    sysclk_IBUF_BUFG
    SLICE_X112Y92        FDRE                                         r  timer_cnt_reg[7]/C
  -------------------------------------------------------------------    -------------------
    SLICE_X112Y92        FDRE (Prop_fdre_C_Q)         0.433     5.635 r  timer_cnt_reg[7]/Q
                         net (fo=2, routed)           0.662     6.297    timer_cnt_reg[7]
    SLICE_X113Y93        LUT5 (Prop_lut5_I1_O)        0.105     6.402 r  led[3]_i_7/O
                         net (fo=1, routed)           0.310     6.712    led[3]_i_7_n_0
    SLICE_X113Y92        LUT6 (Prop_lut6_I1_O)        0.105     6.817 f  led[3]_i_4/O
                         net (fo=1, routed)           0.433     7.250    led[3]_i_4_n_0
    SLICE_X113Y95        LUT6 (Prop_lut6_I2_O)        0.105     7.355 r  led[3]_i_1/O
                         net (fo=36, routed)          0.643     7.998    clear
    SLICE_X112Y91        FDRE                                         r  timer_cnt_reg[1]/R
  -------------------------------------------------------------------    -------------------

                         (clock sys_clk_pin rise edge)
                                                      8.000     8.000 r  
    H16                                               0.000     8.000 r  sysclk (IN)
                         net (fo=0)                   0.000     8.000    sysclk
    H16                  IBUF (Prop_ibuf_I_O)         1.316     9.316 r  sysclk_IBUF_inst/O
                         net (fo=1, routed)           1.961    11.277    sysclk_IBUF
    BUFGCTRL_X0Y16       BUFG (Prop_bufg_I_O)         0.077    11.354 r  sysclk_IBUF_BUFG_inst/O
                         net (fo=36, routed)          1.414    12.768    sysclk_IBUF_BUFG
    SLICE_X112Y91        FDRE                                         r  timer_cnt_reg[1]/C
                         clock pessimism              0.406    13.174    
                         clock uncertainty           -0.035    13.138    
    SLICE_X112Y91        FDRE (Setup_fdre_C_R)       -0.423    12.715    timer_cnt_reg[1]
  -------------------------------------------------------------------
                         required time                         12.715    
                         arrival time                          -7.998    
  -------------------------------------------------------------------
                         slack                                  4.717    

Slack (MET) :             4.717ns  (required time - arrival time)
  Source:                 timer_cnt_reg[7]/C
                            (rising edge-triggered cell FDRE clocked by sys_clk_pin  {rise@0.000ns fall@4.000ns period=8.000ns})
  Destination:            timer_cnt_reg[2]/R
                            (rising edge-triggered cell FDRE clocked by sys_clk_pin  {rise@0.000ns fall@4.000ns period=8.000ns})
  Path Group:             sys_clk_pin
  Path Type:              Setup (Max at Slow Process Corner)
  Requirement:            8.000ns  (sys_clk_pin rise@8.000ns - sys_clk_pin rise@0.000ns)
  Data Path Delay:        2.796ns  (logic 0.748ns (26.751%)  route 2.048ns (73.249%))
  Logic Levels:           3  (LUT5=1 LUT6=2)
  Clock Path Skew:        -0.028ns (DCD - SCD + CPR)
    Destination Clock Delay (DCD):    4.768ns = ( 12.768 - 8.000 ) 
    Source Clock Delay      (SCD):    5.202ns
    Clock Pessimism Removal (CPR):    0.406ns
  Clock Uncertainty:      0.035ns  ((TSJ^2 + TIJ^2)^1/2 + DJ) / 2 + PE
    Total System Jitter     (TSJ):    0.071ns
    Total Input Jitter      (TIJ):    0.000ns
    Discrete Jitter          (DJ):    0.000ns
    Phase Error              (PE):    0.000ns

    Location             Delay type                Incr(ns)  Path(ns)    Netlist Resource(s)
  -------------------------------------------------------------------    -------------------
                         (clock sys_clk_pin rise edge)
                                                      0.000     0.000 r  
    H16                                               0.000     0.000 r  sysclk (IN)
                         net (fo=0)                   0.000     0.000    sysclk
    H16                  IBUF (Prop_ibuf_I_O)         1.382     1.382 r  sysclk_IBUF_inst/O
                         net (fo=1, routed)           2.160     3.542    sysclk_IBUF
    BUFGCTRL_X0Y16       BUFG (Prop_bufg_I_O)         0.085     3.627 r  sysclk_IBUF_BUFG_inst/O
                         net (fo=36, routed)          1.575     5.202    sysclk_IBUF_BUFG
    SLICE_X112Y92        FDRE                                         r  timer_cnt_reg[7]/C
  -------------------------------------------------------------------    -------------------
    SLICE_X112Y92        FDRE (Prop_fdre_C_Q)         0.433     5.635 r  timer_cnt_reg[7]/Q
                         net (fo=2, routed)           0.662     6.297    timer_cnt_reg[7]
    SLICE_X113Y93        LUT5 (Prop_lut5_I1_O)        0.105     6.402 r  led[3]_i_7/O
                         net (fo=1, routed)           0.310     6.712    led[3]_i_7_n_0
    SLICE_X113Y92        LUT6 (Prop_lut6_I1_O)        0.105     6.817 f  led[3]_i_4/O
                         net (fo=1, routed)           0.433     7.250    led[3]_i_4_n_0
    SLICE_X113Y95        LUT6 (Prop_lut6_I2_O)        0.105     7.355 r  led[3]_i_1/O
                         net (fo=36, routed)          0.643     7.998    clear
    SLICE_X112Y91        FDRE                                         r  timer_cnt_reg[2]/R
  -------------------------------------------------------------------    -------------------

                         (clock sys_clk_pin rise edge)
                                                      8.000     8.000 r  
    H16                                               0.000     8.000 r  sysclk (IN)
                         net (fo=0)                   0.000     8.000    sysclk
    H16                  IBUF (Prop_ibuf_I_O)         1.316     9.316 r  sysclk_IBUF_inst/O
                         net (fo=1, routed)           1.961    11.277    sysclk_IBUF
    BUFGCTRL_X0Y16       BUFG (Prop_bufg_I_O)         0.077    11.354 r  sysclk_IBUF_BUFG_inst/O
                         net (fo=36, routed)          1.414    12.768    sysclk_IBUF_BUFG
    SLICE_X112Y91        FDRE                                         r  timer_cnt_reg[2]/C
                         clock pessimism              0.406    13.174    
                         clock uncertainty           -0.035    13.138    
    SLICE_X112Y91        FDRE (Setup_fdre_C_R)       -0.423    12.715    timer_cnt_reg[2]
  -------------------------------------------------------------------
                         required time                         12.715    
                         arrival time                          -7.998    
  -------------------------------------------------------------------
                         slack                                  4.717    

Slack (MET) :             4.717ns  (required time - arrival time)
  Source:                 timer_cnt_reg[7]/C
                            (rising edge-triggered cell FDRE clocked by sys_clk_pin  {rise@0.000ns fall@4.000ns period=8.000ns})
  Destination:            timer_cnt_reg[3]/R
                            (rising edge-triggered cell FDRE clocked by sys_clk_pin  {rise@0.000ns fall@4.000ns period=8.000ns})
  Path Group:             sys_clk_pin
  Path Type:              Setup (Max at Slow Process Corner)
  Requirement:            8.000ns  (sys_clk_pin rise@8.000ns - sys_clk_pin rise@0.000ns)
  Data Path Delay:        2.796ns  (logic 0.748ns (26.751%)  route 2.048ns (73.249%))
  Logic Levels:           3  (LUT5=1 LUT6=2)
  Clock Path Skew:        -0.028ns (DCD - SCD + CPR)
    Destination Clock Delay (DCD):    4.768ns = ( 12.768 - 8.000 ) 
    Source Clock Delay      (SCD):    5.202ns
    Clock Pessimism Removal (CPR):    0.406ns
  Clock Uncertainty:      0.035ns  ((TSJ^2 + TIJ^2)^1/2 + DJ) / 2 + PE
    Total System Jitter     (TSJ):    0.071ns
    Total Input Jitter      (TIJ):    0.000ns
    Discrete Jitter          (DJ):    0.000ns
    Phase Error              (PE):    0.000ns

    Location             Delay type                Incr(ns)  Path(ns)    Netlist Resource(s)
  -------------------------------------------------------------------    -------------------
                         (clock sys_clk_pin rise edge)
                                                      0.000     0.000 r  
    H16                                               0.000     0.000 r  sysclk (IN)
                         net (fo=0)                   0.000     0.000    sysclk
    H16                  IBUF (Prop_ibuf_I_O)         1.382     1.382 r  sysclk_IBUF_inst/O
                         net (fo=1, routed)           2.160     3.542    sysclk_IBUF
    BUFGCTRL_X0Y16       BUFG (Prop_bufg_I_O)         0.085     3.627 r  sysclk_IBUF_BUFG_inst/O
                         net (fo=36, routed)          1.575     5.202    sysclk_IBUF_BUFG
    SLICE_X112Y92        FDRE                                         r  timer_cnt_reg[7]/C
  -------------------------------------------------------------------    -------------------
    SLICE_X112Y92        FDRE (Prop_fdre_C_Q)         0.433     5.635 r  timer_cnt_reg[7]/Q
                         net (fo=2, routed)           0.662     6.297    timer_cnt_reg[7]
    SLICE_X113Y93        LUT5 (Prop_lut5_I1_O)        0.105     6.402 r  led[3]_i_7/O
                         net (fo=1, routed)           0.310     6.712    led[3]_i_7_n_0
    SLICE_X113Y92        LUT6 (Prop_lut6_I1_O)        0.105     6.817 f  led[3]_i_4/O
                         net (fo=1, routed)           0.433     7.250    led[3]_i_4_n_0
    SLICE_X113Y95        LUT6 (Prop_lut6_I2_O)        0.105     7.355 r  led[3]_i_1/O
                         net (fo=36, routed)          0.643     7.998    clear
    SLICE_X112Y91        FDRE                                         r  timer_cnt_reg[3]/R
  -------------------------------------------------------------------    -------------------

                         (clock sys_clk_pin rise edge)
                                                      8.000     8.000 r  
    H16                                               0.000     8.000 r  sysclk (IN)
                         net (fo=0)                   0.000     8.000    sysclk
    H16                  IBUF (Prop_ibuf_I_O)         1.316     9.316 r  sysclk_IBUF_inst/O
                         net (fo=1, routed)           1.961    11.277    sysclk_IBUF
    BUFGCTRL_X0Y16       BUFG (Prop_bufg_I_O)         0.077    11.354 r  sysclk_IBUF_BUFG_inst/O
                         net (fo=36, routed)          1.414    12.768    sysclk_IBUF_BUFG
    SLICE_X112Y91        FDRE                                         r  timer_cnt_reg[3]/C
                         clock pessimism              0.406    13.174    
                         clock uncertainty           -0.035    13.138    
    SLICE_X112Y91        FDRE (Setup_fdre_C_R)       -0.423    12.715    timer_cnt_reg[3]
  -------------------------------------------------------------------
                         required time                         12.715    
                         arrival time                          -7.998    
  -------------------------------------------------------------------
                         slack                                  4.717    

Slack (MET) :             4.746ns  (required time - arrival time)
  Source:                 timer_cnt_reg[7]/C
                            (rising edge-triggered cell FDRE clocked by sys_clk_pin  {rise@0.000ns fall@4.000ns period=8.000ns})
  Destination:            timer_cnt_reg[24]/R
                            (rising edge-triggered cell FDRE clocked by sys_clk_pin  {rise@0.000ns fall@4.000ns period=8.000ns})
  Path Group:             sys_clk_pin
  Path Type:              Setup (Max at Slow Process Corner)
  Requirement:            8.000ns  (sys_clk_pin rise@8.000ns - sys_clk_pin rise@0.000ns)
  Data Path Delay:        2.769ns  (logic 0.748ns (27.012%)  route 2.021ns (72.988%))
  Logic Levels:           3  (LUT5=1 LUT6=2)
  Clock Path Skew:        -0.027ns (DCD - SCD + CPR)
    Destination Clock Delay (DCD):    4.769ns = ( 12.769 - 8.000 ) 
    Source Clock Delay      (SCD):    5.202ns
    Clock Pessimism Removal (CPR):    0.406ns
  Clock Uncertainty:      0.035ns  ((TSJ^2 + TIJ^2)^1/2 + DJ) / 2 + PE
    Total System Jitter     (TSJ):    0.071ns
    Total Input Jitter      (TIJ):    0.000ns
    Discrete Jitter          (DJ):    0.000ns
    Phase Error              (PE):    0.000ns

    Location             Delay type                Incr(ns)  Path(ns)    Netlist Resource(s)
  -------------------------------------------------------------------    -------------------
                         (clock sys_clk_pin rise edge)
                                                      0.000     0.000 r  
    H16                                               0.000     0.000 r  sysclk (IN)
                         net (fo=0)                   0.000     0.000    sysclk
    H16                  IBUF (Prop_ibuf_I_O)         1.382     1.382 r  sysclk_IBUF_inst/O
                         net (fo=1, routed)           2.160     3.542    sysclk_IBUF
    BUFGCTRL_X0Y16       BUFG (Prop_bufg_I_O)         0.085     3.627 r  sysclk_IBUF_BUFG_inst/O
                         net (fo=36, routed)          1.575     5.202    sysclk_IBUF_BUFG
    SLICE_X112Y92        FDRE                                         r  timer_cnt_reg[7]/C
  -------------------------------------------------------------------    -------------------
    SLICE_X112Y92        FDRE (Prop_fdre_C_Q)         0.433     5.635 r  timer_cnt_reg[7]/Q
                         net (fo=2, routed)           0.662     6.297    timer_cnt_reg[7]
    SLICE_X113Y93        LUT5 (Prop_lut5_I1_O)        0.105     6.402 r  led[3]_i_7/O
                         net (fo=1, routed)           0.310     6.712    led[3]_i_7_n_0
    SLICE_X113Y92        LUT6 (Prop_lut6_I1_O)        0.105     6.817 f  led[3]_i_4/O
                         net (fo=1, routed)           0.433     7.250    led[3]_i_4_n_0
    SLICE_X113Y95        LUT6 (Prop_lut6_I2_O)        0.105     7.355 r  led[3]_i_1/O
                         net (fo=36, routed)          0.616     7.971    clear
    SLICE_X112Y97        FDRE                                         r  timer_cnt_reg[24]/R
  -------------------------------------------------------------------    -------------------

                         (clock sys_clk_pin rise edge)
                                                      8.000     8.000 r  
    H16                                               0.000     8.000 r  sysclk (IN)
                         net (fo=0)                   0.000     8.000    sysclk
    H16                  IBUF (Prop_ibuf_I_O)         1.316     9.316 r  sysclk_IBUF_inst/O
                         net (fo=1, routed)           1.961    11.277    sysclk_IBUF
    BUFGCTRL_X0Y16       BUFG (Prop_bufg_I_O)         0.077    11.354 r  sysclk_IBUF_BUFG_inst/O
                         net (fo=36, routed)          1.415    12.769    sysclk_IBUF_BUFG
    SLICE_X112Y97        FDRE                                         r  timer_cnt_reg[24]/C
                         clock pessimism              0.406    13.175    
                         clock uncertainty           -0.035    13.139    
    SLICE_X112Y97        FDRE (Setup_fdre_C_R)       -0.423    12.716    timer_cnt_reg[24]
  -------------------------------------------------------------------
                         required time                         12.716    
                         arrival time                          -7.971    
  -------------------------------------------------------------------
                         slack                                  4.746    

Slack (MET) :             4.746ns  (required time - arrival time)
  Source:                 timer_cnt_reg[7]/C
                            (rising edge-triggered cell FDRE clocked by sys_clk_pin  {rise@0.000ns fall@4.000ns period=8.000ns})
  Destination:            timer_cnt_reg[25]/R
                            (rising edge-triggered cell FDRE clocked by sys_clk_pin  {rise@0.000ns fall@4.000ns period=8.000ns})
  Path Group:             sys_clk_pin
  Path Type:              Setup (Max at Slow Process Corner)
  Requirement:            8.000ns  (sys_clk_pin rise@8.000ns - sys_clk_pin rise@0.000ns)
  Data Path Delay:        2.769ns  (logic 0.748ns (27.012%)  route 2.021ns (72.988%))
  Logic Levels:           3  (LUT5=1 LUT6=2)
  Clock Path Skew:        -0.027ns (DCD - SCD + CPR)
    Destination Clock Delay (DCD):    4.769ns = ( 12.769 - 8.000 ) 
    Source Clock Delay      (SCD):    5.202ns
    Clock Pessimism Removal (CPR):    0.406ns
  Clock Uncertainty:      0.035ns  ((TSJ^2 + TIJ^2)^1/2 + DJ) / 2 + PE
    Total System Jitter     (TSJ):    0.071ns
    Total Input Jitter      (TIJ):    0.000ns
    Discrete Jitter          (DJ):    0.000ns
    Phase Error              (PE):    0.000ns

    Location             Delay type                Incr(ns)  Path(ns)    Netlist Resource(s)
  -------------------------------------------------------------------    -------------------
                         (clock sys_clk_pin rise edge)
                                                      0.000     0.000 r  
    H16                                               0.000     0.000 r  sysclk (IN)
                         net (fo=0)                   0.000     0.000    sysclk
    H16                  IBUF (Prop_ibuf_I_O)         1.382     1.382 r  sysclk_IBUF_inst/O
                         net (fo=1, routed)           2.160     3.542    sysclk_IBUF
    BUFGCTRL_X0Y16       BUFG (Prop_bufg_I_O)         0.085     3.627 r  sysclk_IBUF_BUFG_inst/O
                         net (fo=36, routed)          1.575     5.202    sysclk_IBUF_BUFG
    SLICE_X112Y92        FDRE                                         r  timer_cnt_reg[7]/C
  -------------------------------------------------------------------    -------------------
    SLICE_X112Y92        FDRE (Prop_fdre_C_Q)         0.433     5.635 r  timer_cnt_reg[7]/Q
                         net (fo=2, routed)           0.662     6.297    timer_cnt_reg[7]
    SLICE_X113Y93        LUT5 (Prop_lut5_I1_O)        0.105     6.402 r  led[3]_i_7/O
                         net (fo=1, routed)           0.310     6.712    led[3]_i_7_n_0
    SLICE_X113Y92        LUT6 (Prop_lut6_I1_O)        0.105     6.817 f  led[3]_i_4/O
                         net (fo=1, routed)           0.433     7.250    led[3]_i_4_n_0
    SLICE_X113Y95        LUT6 (Prop_lut6_I2_O)        0.105     7.355 r  led[3]_i_1/O
                         net (fo=36, routed)          0.616     7.971    clear
    SLICE_X112Y97        FDRE                                         r  timer_cnt_reg[25]/R
  -------------------------------------------------------------------    -------------------

                         (clock sys_clk_pin rise edge)
                                                      8.000     8.000 r  
    H16                                               0.000     8.000 r  sysclk (IN)
                         net (fo=0)                   0.000     8.000    sysclk
    H16                  IBUF (Prop_ibuf_I_O)         1.316     9.316 r  sysclk_IBUF_inst/O
                         net (fo=1, routed)           1.961    11.277    sysclk_IBUF
    BUFGCTRL_X0Y16       BUFG (Prop_bufg_I_O)         0.077    11.354 r  sysclk_IBUF_BUFG_inst/O
                         net (fo=36, routed)          1.415    12.769    sysclk_IBUF_BUFG
    SLICE_X112Y97        FDRE                                         r  timer_cnt_reg[25]/C
                         clock pessimism              0.406    13.175    
                         clock uncertainty           -0.035    13.139    
    SLICE_X112Y97        FDRE (Setup_fdre_C_R)       -0.423    12.716    timer_cnt_reg[25]
  -------------------------------------------------------------------
                         required time                         12.716    
                         arrival time                          -7.971    
  -------------------------------------------------------------------
                         slack                                  4.746    





Min Delay Paths
--------------------------------------------------------------------------------------
Slack (MET) :             0.262ns  (arrival time - required time)
  Source:                 timer_cnt_reg[18]/C
                            (rising edge-triggered cell FDRE clocked by sys_clk_pin  {rise@0.000ns fall@4.000ns period=8.000ns})
  Destination:            timer_cnt_reg[18]/D
                            (rising edge-triggered cell FDRE clocked by sys_clk_pin  {rise@0.000ns fall@4.000ns period=8.000ns})
  Path Group:             sys_clk_pin
  Path Type:              Hold (Min at Fast Process Corner)
  Requirement:            0.000ns  (sys_clk_pin rise@0.000ns - sys_clk_pin rise@0.000ns)
  Data Path Delay:        0.396ns  (logic 0.274ns (69.208%)  route 0.122ns (30.792%))
  Logic Levels:           1  (CARRY4=1)
  Clock Path Skew:        0.000ns (DCD - SCD - CPR)
    Destination Clock Delay (DCD):    2.250ns
    Source Clock Delay      (SCD):    1.722ns
    Clock Pessimism Removal (CPR):    0.528ns

    Location             Delay type                Incr(ns)  Path(ns)    Netlist Resource(s)
  -------------------------------------------------------------------    -------------------
                         (clock sys_clk_pin rise edge)
                                                      0.000     0.000 r  
    H16                                               0.000     0.000 r  sysclk (IN)
                         net (fo=0)                   0.000     0.000    sysclk
    H16                  IBUF (Prop_ibuf_I_O)         0.219     0.219 r  sysclk_IBUF_inst/O
                         net (fo=1, routed)           0.842     1.060    sysclk_IBUF
    BUFGCTRL_X0Y16       BUFG (Prop_bufg_I_O)         0.026     1.086 r  sysclk_IBUF_BUFG_inst/O
                         net (fo=36, routed)          0.636     1.722    sysclk_IBUF_BUFG
    SLICE_X112Y95        FDRE                                         r  timer_cnt_reg[18]/C
  -------------------------------------------------------------------    -------------------
    SLICE_X112Y95        FDRE (Prop_fdre_C_Q)         0.164     1.886 r  timer_cnt_reg[18]/Q
                         net (fo=2, routed)           0.122     2.008    timer_cnt_reg[18]
    SLICE_X112Y95        CARRY4 (Prop_carry4_S[2]_O[2])
                                                      0.110     2.118 r  timer_cnt_reg[16]_i_1/O[2]
                         net (fo=1, routed)           0.000     2.118    timer_cnt_reg[16]_i_1_n_5
    SLICE_X112Y95        FDRE                                         r  timer_cnt_reg[18]/D
  -------------------------------------------------------------------    -------------------

                         (clock sys_clk_pin rise edge)
                                                      0.000     0.000 r  
    H16                                               0.000     0.000 r  sysclk (IN)
                         net (fo=0)                   0.000     0.000    sysclk
    H16                  IBUF (Prop_ibuf_I_O)         0.406     0.406 r  sysclk_IBUF_inst/O
                         net (fo=1, routed)           0.907     1.313    sysclk_IBUF
    BUFGCTRL_X0Y16       BUFG (Prop_bufg_I_O)         0.029     1.342 r  sysclk_IBUF_BUFG_inst/O
                         net (fo=36, routed)          0.908     2.250    sysclk_IBUF_BUFG
    SLICE_X112Y95        FDRE                                         r  timer_cnt_reg[18]/C
                         clock pessimism             -0.528     1.722    
    SLICE_X112Y95        FDRE (Hold_fdre_C_D)         0.134     1.856    timer_cnt_reg[18]
  -------------------------------------------------------------------
                         required time                         -1.856    
                         arrival time                           2.118    
  -------------------------------------------------------------------
                         slack                                  0.262    

Slack (MET) :             0.262ns  (arrival time - required time)
  Source:                 timer_cnt_reg[26]/C
                            (rising edge-triggered cell FDRE clocked by sys_clk_pin  {rise@0.000ns fall@4.000ns period=8.000ns})
  Destination:            timer_cnt_reg[26]/D
                            (rising edge-triggered cell FDRE clocked by sys_clk_pin  {rise@0.000ns fall@4.000ns period=8.000ns})
  Path Group:             sys_clk_pin
  Path Type:              Hold (Min at Fast Process Corner)
  Requirement:            0.000ns  (sys_clk_pin rise@0.000ns - sys_clk_pin rise@0.000ns)
  Data Path Delay:        0.396ns  (logic 0.274ns (69.208%)  route 0.122ns (30.792%))
  Logic Levels:           1  (CARRY4=1)
  Clock Path Skew:        0.000ns (DCD - SCD - CPR)
    Destination Clock Delay (DCD):    2.251ns
    Source Clock Delay      (SCD):    1.723ns
    Clock Pessimism Removal (CPR):    0.528ns

    Location             Delay type                Incr(ns)  Path(ns)    Netlist Resource(s)
  -------------------------------------------------------------------    -------------------
                         (clock sys_clk_pin rise edge)
                                                      0.000     0.000 r  
    H16                                               0.000     0.000 r  sysclk (IN)
                         net (fo=0)                   0.000     0.000    sysclk
    H16                  IBUF (Prop_ibuf_I_O)         0.219     0.219 r  sysclk_IBUF_inst/O
                         net (fo=1, routed)           0.842     1.060    sysclk_IBUF
    BUFGCTRL_X0Y16       BUFG (Prop_bufg_I_O)         0.026     1.086 r  sysclk_IBUF_BUFG_inst/O
                         net (fo=36, routed)          0.637     1.723    sysclk_IBUF_BUFG
    SLICE_X112Y97        FDRE                                         r  timer_cnt_reg[26]/C
  -------------------------------------------------------------------    -------------------
    SLICE_X112Y97        FDRE (Prop_fdre_C_Q)         0.164     1.887 r  timer_cnt_reg[26]/Q
                         net (fo=2, routed)           0.122     2.009    timer_cnt_reg[26]
    SLICE_X112Y97        CARRY4 (Prop_carry4_S[2]_O[2])
                                                      0.110     2.119 r  timer_cnt_reg[24]_i_1/O[2]
                         net (fo=1, routed)           0.000     2.119    timer_cnt_reg[24]_i_1_n_5
    SLICE_X112Y97        FDRE                                         r  timer_cnt_reg[26]/D
  -------------------------------------------------------------------    -------------------

                         (clock sys_clk_pin rise edge)
                                                      0.000     0.000 r  
    H16                                               0.000     0.000 r  sysclk (IN)
                         net (fo=0)                   0.000     0.000    sysclk
    H16                  IBUF (Prop_ibuf_I_O)         0.406     0.406 r  sysclk_IBUF_inst/O
                         net (fo=1, routed)           0.907     1.313    sysclk_IBUF
    BUFGCTRL_X0Y16       BUFG (Prop_bufg_I_O)         0.029     1.342 r  sysclk_IBUF_BUFG_inst/O
                         net (fo=36, routed)          0.909     2.251    sysclk_IBUF_BUFG
    SLICE_X112Y97        FDRE                                         r  timer_cnt_reg[26]/C
                         clock pessimism             -0.528     1.723    
    SLICE_X112Y97        FDRE (Hold_fdre_C_D)         0.134     1.857    timer_cnt_reg[26]
  -------------------------------------------------------------------
                         required time                         -1.857    
                         arrival time                           2.119    
  -------------------------------------------------------------------
                         slack                                  0.262    

Slack (MET) :             0.262ns  (arrival time - required time)
  Source:                 led_reg[3]/C
                            (rising edge-triggered cell FDRE clocked by sys_clk_pin  {rise@0.000ns fall@4.000ns period=8.000ns})
  Destination:            led_reg[3]/D
                            (rising edge-triggered cell FDRE clocked by sys_clk_pin  {rise@0.000ns fall@4.000ns period=8.000ns})
  Path Group:             sys_clk_pin
  Path Type:              Hold (Min at Fast Process Corner)
  Requirement:            0.000ns  (sys_clk_pin rise@0.000ns - sys_clk_pin rise@0.000ns)
  Data Path Delay:        0.353ns  (logic 0.186ns (52.687%)  route 0.167ns (47.313%))
  Logic Levels:           1  (LUT1=1)
  Clock Path Skew:        0.000ns (DCD - SCD - CPR)
    Destination Clock Delay (DCD):    2.336ns
    Source Clock Delay      (SCD):    1.805ns
    Clock Pessimism Removal (CPR):    0.532ns

    Location             Delay type                Incr(ns)  Path(ns)    Netlist Resource(s)
  -------------------------------------------------------------------    -------------------
                         (clock sys_clk_pin rise edge)
                                                      0.000     0.000 r  
    H16                                               0.000     0.000 r  sysclk (IN)
                         net (fo=0)                   0.000     0.000    sysclk
    H16                  IBUF (Prop_ibuf_I_O)         0.219     0.219 r  sysclk_IBUF_inst/O
                         net (fo=1, routed)           0.842     1.060    sysclk_IBUF
    BUFGCTRL_X0Y16       BUFG (Prop_bufg_I_O)         0.026     1.086 r  sysclk_IBUF_BUFG_inst/O
                         net (fo=36, routed)          0.718     1.805    sysclk_IBUF_BUFG
    SLICE_X113Y103       FDRE                                         r  led_reg[3]/C
  -------------------------------------------------------------------    -------------------
    SLICE_X113Y103       FDRE (Prop_fdre_C_Q)         0.141     1.946 f  led_reg[3]/Q
                         net (fo=2, routed)           0.167     2.113    led_OBUF[3]
    SLICE_X113Y103       LUT1 (Prop_lut1_I0_O)        0.045     2.158 r  led[3]_i_2/O
                         net (fo=1, routed)           0.000     2.158    p_1_in[3]
    SLICE_X113Y103       FDRE                                         r  led_reg[3]/D
  -------------------------------------------------------------------    -------------------

                         (clock sys_clk_pin rise edge)
                                                      0.000     0.000 r  
    H16                                               0.000     0.000 r  sysclk (IN)
                         net (fo=0)                   0.000     0.000    sysclk
    H16                  IBUF (Prop_ibuf_I_O)         0.406     0.406 r  sysclk_IBUF_inst/O
                         net (fo=1, routed)           0.907     1.313    sysclk_IBUF
    BUFGCTRL_X0Y16       BUFG (Prop_bufg_I_O)         0.029     1.342 r  sysclk_IBUF_BUFG_inst/O
                         net (fo=36, routed)          0.994     2.336    sysclk_IBUF_BUFG
    SLICE_X113Y103       FDRE                                         r  led_reg[3]/C
                         clock pessimism             -0.532     1.805    
    SLICE_X113Y103       FDRE (Hold_fdre_C_D)         0.091     1.896    led_reg[3]
  -------------------------------------------------------------------
                         required time                         -1.896    
                         arrival time                           2.158    
  -------------------------------------------------------------------
                         slack                                  0.262    

Slack (MET) :             0.262ns  (arrival time - required time)
  Source:                 led_reg[1]/C
                            (rising edge-triggered cell FDRE clocked by sys_clk_pin  {rise@0.000ns fall@4.000ns period=8.000ns})
  Destination:            led_reg[1]/D
                            (rising edge-triggered cell FDRE clocked by sys_clk_pin  {rise@0.000ns fall@4.000ns period=8.000ns})
  Path Group:             sys_clk_pin
  Path Type:              Hold (Min at Fast Process Corner)
  Requirement:            0.000ns  (sys_clk_pin rise@0.000ns - sys_clk_pin rise@0.000ns)
  Data Path Delay:        0.353ns  (logic 0.186ns (52.687%)  route 0.167ns (47.313%))
  Logic Levels:           1  (LUT1=1)
  Clock Path Skew:        0.000ns (DCD - SCD - CPR)
    Destination Clock Delay (DCD):    2.246ns
    Source Clock Delay      (SCD):    1.719ns
    Clock Pessimism Removal (CPR):    0.527ns

    Location             Delay type                Incr(ns)  Path(ns)    Netlist Resource(s)
  -------------------------------------------------------------------    -------------------
                         (clock sys_clk_pin rise edge)
                                                      0.000     0.000 r  
    H16                                               0.000     0.000 r  sysclk (IN)
                         net (fo=0)                   0.000     0.000    sysclk
    H16                  IBUF (Prop_ibuf_I_O)         0.219     0.219 r  sysclk_IBUF_inst/O
                         net (fo=1, routed)           0.842     1.060    sysclk_IBUF
    BUFGCTRL_X0Y16       BUFG (Prop_bufg_I_O)         0.026     1.086 r  sysclk_IBUF_BUFG_inst/O
                         net (fo=36, routed)          0.633     1.719    sysclk_IBUF_BUFG
    SLICE_X113Y87        FDRE                                         r  led_reg[1]/C
  -------------------------------------------------------------------    -------------------
    SLICE_X113Y87        FDRE (Prop_fdre_C_Q)         0.141     1.860 f  led_reg[1]/Q
                         net (fo=2, routed)           0.167     2.027    led_OBUF[1]
    SLICE_X113Y87        LUT1 (Prop_lut1_I0_O)        0.045     2.072 r  led[1]_i_1/O
                         net (fo=1, routed)           0.000     2.072    p_1_in[1]
    SLICE_X113Y87        FDRE                                         r  led_reg[1]/D
  -------------------------------------------------------------------    -------------------

                         (clock sys_clk_pin rise edge)
                                                      0.000     0.000 r  
    H16                                               0.000     0.000 r  sysclk (IN)
                         net (fo=0)                   0.000     0.000    sysclk
    H16                  IBUF (Prop_ibuf_I_O)         0.406     0.406 r  sysclk_IBUF_inst/O
                         net (fo=1, routed)           0.907     1.313    sysclk_IBUF
    BUFGCTRL_X0Y16       BUFG (Prop_bufg_I_O)         0.029     1.342 r  sysclk_IBUF_BUFG_inst/O
                         net (fo=36, routed)          0.904     2.246    sysclk_IBUF_BUFG
    SLICE_X113Y87        FDRE                                         r  led_reg[1]/C
                         clock pessimism             -0.527     1.719    
    SLICE_X113Y87        FDRE (Hold_fdre_C_D)         0.091     1.810    led_reg[1]
  -------------------------------------------------------------------
                         required time                         -1.810    
                         arrival time                           2.072    
  -------------------------------------------------------------------
                         slack                                  0.262    

Slack (MET) :             0.263ns  (arrival time - required time)
  Source:                 timer_cnt_reg[10]/C
                            (rising edge-triggered cell FDRE clocked by sys_clk_pin  {rise@0.000ns fall@4.000ns period=8.000ns})
  Destination:            timer_cnt_reg[10]/D
                            (rising edge-triggered cell FDRE clocked by sys_clk_pin  {rise@0.000ns fall@4.000ns period=8.000ns})
  Path Group:             sys_clk_pin
  Path Type:              Hold (Min at Fast Process Corner)
  Requirement:            0.000ns  (sys_clk_pin rise@0.000ns - sys_clk_pin rise@0.000ns)
  Data Path Delay:        0.397ns  (logic 0.274ns (69.098%)  route 0.123ns (30.902%))
  Logic Levels:           1  (CARRY4=1)
  Clock Path Skew:        0.000ns (DCD - SCD - CPR)
    Destination Clock Delay (DCD):    2.250ns
    Source Clock Delay      (SCD):    1.722ns
    Clock Pessimism Removal (CPR):    0.528ns

    Location             Delay type                Incr(ns)  Path(ns)    Netlist Resource(s)
  -------------------------------------------------------------------    -------------------
                         (clock sys_clk_pin rise edge)
                                                      0.000     0.000 r  
    H16                                               0.000     0.000 r  sysclk (IN)
                         net (fo=0)                   0.000     0.000    sysclk
    H16                  IBUF (Prop_ibuf_I_O)         0.219     0.219 r  sysclk_IBUF_inst/O
                         net (fo=1, routed)           0.842     1.060    sysclk_IBUF
    BUFGCTRL_X0Y16       BUFG (Prop_bufg_I_O)         0.026     1.086 r  sysclk_IBUF_BUFG_inst/O
                         net (fo=36, routed)          0.636     1.722    sysclk_IBUF_BUFG
    SLICE_X112Y93        FDRE                                         r  timer_cnt_reg[10]/C
  -------------------------------------------------------------------    -------------------
    SLICE_X112Y93        FDRE (Prop_fdre_C_Q)         0.164     1.886 r  timer_cnt_reg[10]/Q
                         net (fo=2, routed)           0.123     2.009    timer_cnt_reg[10]
    SLICE_X112Y93        CARRY4 (Prop_carry4_S[2]_O[2])
                                                      0.110     2.119 r  timer_cnt_reg[8]_i_1/O[2]
                         net (fo=1, routed)           0.000     2.119    timer_cnt_reg[8]_i_1_n_5
    SLICE_X112Y93        FDRE                                         r  timer_cnt_reg[10]/D
  -------------------------------------------------------------------    -------------------

                         (clock sys_clk_pin rise edge)
                                                      0.000     0.000 r  
    H16                                               0.000     0.000 r  sysclk (IN)
                         net (fo=0)                   0.000     0.000    sysclk
    H16                  IBUF (Prop_ibuf_I_O)         0.406     0.406 r  sysclk_IBUF_inst/O
                         net (fo=1, routed)           0.907     1.313    sysclk_IBUF
    BUFGCTRL_X0Y16       BUFG (Prop_bufg_I_O)         0.029     1.342 r  sysclk_IBUF_BUFG_inst/O
                         net (fo=36, routed)          0.908     2.250    sysclk_IBUF_BUFG
    SLICE_X112Y93        FDRE                                         r  timer_cnt_reg[10]/C
                         clock pessimism             -0.528     1.722    
    SLICE_X112Y93        FDRE (Hold_fdre_C_D)         0.134     1.856    timer_cnt_reg[10]
  -------------------------------------------------------------------
                         required time                         -1.856    
                         arrival time                           2.119    
  -------------------------------------------------------------------
                         slack                                  0.263    

Slack (MET) :             0.263ns  (arrival time - required time)
  Source:                 timer_cnt_reg[14]/C
                            (rising edge-triggered cell FDRE clocked by sys_clk_pin  {rise@0.000ns fall@4.000ns period=8.000ns})
  Destination:            timer_cnt_reg[14]/D
                            (rising edge-triggered cell FDRE clocked by sys_clk_pin  {rise@0.000ns fall@4.000ns period=8.000ns})
  Path Group:             sys_clk_pin
  Path Type:              Hold (Min at Fast Process Corner)
  Requirement:            0.000ns  (sys_clk_pin rise@0.000ns - sys_clk_pin rise@0.000ns)
  Data Path Delay:        0.397ns  (logic 0.274ns (69.098%)  route 0.123ns (30.902%))
  Logic Levels:           1  (CARRY4=1)
  Clock Path Skew:        0.000ns (DCD - SCD - CPR)
    Destination Clock Delay (DCD):    2.250ns
    Source Clock Delay      (SCD):    1.722ns
    Clock Pessimism Removal (CPR):    0.528ns

    Location             Delay type                Incr(ns)  Path(ns)    Netlist Resource(s)
  -------------------------------------------------------------------    -------------------
                         (clock sys_clk_pin rise edge)
                                                      0.000     0.000 r  
    H16                                               0.000     0.000 r  sysclk (IN)
                         net (fo=0)                   0.000     0.000    sysclk
    H16                  IBUF (Prop_ibuf_I_O)         0.219     0.219 r  sysclk_IBUF_inst/O
                         net (fo=1, routed)           0.842     1.060    sysclk_IBUF
    BUFGCTRL_X0Y16       BUFG (Prop_bufg_I_O)         0.026     1.086 r  sysclk_IBUF_BUFG_inst/O
                         net (fo=36, routed)          0.636     1.722    sysclk_IBUF_BUFG
    SLICE_X112Y94        FDRE                                         r  timer_cnt_reg[14]/C
  -------------------------------------------------------------------    -------------------
    SLICE_X112Y94        FDRE (Prop_fdre_C_Q)         0.164     1.886 r  timer_cnt_reg[14]/Q
                         net (fo=2, routed)           0.123     2.009    timer_cnt_reg[14]
    SLICE_X112Y94        CARRY4 (Prop_carry4_S[2]_O[2])
                                                      0.110     2.119 r  timer_cnt_reg[12]_i_1/O[2]
                         net (fo=1, routed)           0.000     2.119    timer_cnt_reg[12]_i_1_n_5
    SLICE_X112Y94        FDRE                                         r  timer_cnt_reg[14]/D
  -------------------------------------------------------------------    -------------------

                         (clock sys_clk_pin rise edge)
                                                      0.000     0.000 r  
    H16                                               0.000     0.000 r  sysclk (IN)
                         net (fo=0)                   0.000     0.000    sysclk
    H16                  IBUF (Prop_ibuf_I_O)         0.406     0.406 r  sysclk_IBUF_inst/O
                         net (fo=1, routed)           0.907     1.313    sysclk_IBUF
    BUFGCTRL_X0Y16       BUFG (Prop_bufg_I_O)         0.029     1.342 r  sysclk_IBUF_BUFG_inst/O
                         net (fo=36, routed)          0.908     2.250    sysclk_IBUF_BUFG
    SLICE_X112Y94        FDRE                                         r  timer_cnt_reg[14]/C
                         clock pessimism             -0.528     1.722    
    SLICE_X112Y94        FDRE (Hold_fdre_C_D)         0.134     1.856    timer_cnt_reg[14]
  -------------------------------------------------------------------
                         required time                         -1.856    
                         arrival time                           2.119    
  -------------------------------------------------------------------
                         slack                                  0.263    

Slack (MET) :             0.263ns  (arrival time - required time)
  Source:                 timer_cnt_reg[22]/C
                            (rising edge-triggered cell FDRE clocked by sys_clk_pin  {rise@0.000ns fall@4.000ns period=8.000ns})
  Destination:            timer_cnt_reg[22]/D
                            (rising edge-triggered cell FDRE clocked by sys_clk_pin  {rise@0.000ns fall@4.000ns period=8.000ns})
  Path Group:             sys_clk_pin
  Path Type:              Hold (Min at Fast Process Corner)
  Requirement:            0.000ns  (sys_clk_pin rise@0.000ns - sys_clk_pin rise@0.000ns)
  Data Path Delay:        0.397ns  (logic 0.274ns (69.098%)  route 0.123ns (30.902%))
  Logic Levels:           1  (CARRY4=1)
  Clock Path Skew:        0.000ns (DCD - SCD - CPR)
    Destination Clock Delay (DCD):    2.250ns
    Source Clock Delay      (SCD):    1.722ns
    Clock Pessimism Removal (CPR):    0.528ns

    Location             Delay type                Incr(ns)  Path(ns)    Netlist Resource(s)
  -------------------------------------------------------------------    -------------------
                         (clock sys_clk_pin rise edge)
                                                      0.000     0.000 r  
    H16                                               0.000     0.000 r  sysclk (IN)
                         net (fo=0)                   0.000     0.000    sysclk
    H16                  IBUF (Prop_ibuf_I_O)         0.219     0.219 r  sysclk_IBUF_inst/O
                         net (fo=1, routed)           0.842     1.060    sysclk_IBUF
    BUFGCTRL_X0Y16       BUFG (Prop_bufg_I_O)         0.026     1.086 r  sysclk_IBUF_BUFG_inst/O
                         net (fo=36, routed)          0.636     1.722    sysclk_IBUF_BUFG
    SLICE_X112Y96        FDRE                                         r  timer_cnt_reg[22]/C
  -------------------------------------------------------------------    -------------------
    SLICE_X112Y96        FDRE (Prop_fdre_C_Q)         0.164     1.886 r  timer_cnt_reg[22]/Q
                         net (fo=2, routed)           0.123     2.009    timer_cnt_reg[22]
    SLICE_X112Y96        CARRY4 (Prop_carry4_S[2]_O[2])
                                                      0.110     2.119 r  timer_cnt_reg[20]_i_1/O[2]
                         net (fo=1, routed)           0.000     2.119    timer_cnt_reg[20]_i_1_n_5
    SLICE_X112Y96        FDRE                                         r  timer_cnt_reg[22]/D
  -------------------------------------------------------------------    -------------------

                         (clock sys_clk_pin rise edge)
                                                      0.000     0.000 r  
    H16                                               0.000     0.000 r  sysclk (IN)
                         net (fo=0)                   0.000     0.000    sysclk
    H16                  IBUF (Prop_ibuf_I_O)         0.406     0.406 r  sysclk_IBUF_inst/O
                         net (fo=1, routed)           0.907     1.313    sysclk_IBUF
    BUFGCTRL_X0Y16       BUFG (Prop_bufg_I_O)         0.029     1.342 r  sysclk_IBUF_BUFG_inst/O
                         net (fo=36, routed)          0.908     2.250    sysclk_IBUF_BUFG
    SLICE_X112Y96        FDRE                                         r  timer_cnt_reg[22]/C
                         clock pessimism             -0.528     1.722    
    SLICE_X112Y96        FDRE (Hold_fdre_C_D)         0.134     1.856    timer_cnt_reg[22]
  -------------------------------------------------------------------
                         required time                         -1.856    
                         arrival time                           2.119    
  -------------------------------------------------------------------
                         slack                                  0.263    

Slack (MET) :             0.263ns  (arrival time - required time)
  Source:                 timer_cnt_reg[6]/C
                            (rising edge-triggered cell FDRE clocked by sys_clk_pin  {rise@0.000ns fall@4.000ns period=8.000ns})
  Destination:            timer_cnt_reg[6]/D
                            (rising edge-triggered cell FDRE clocked by sys_clk_pin  {rise@0.000ns fall@4.000ns period=8.000ns})
  Path Group:             sys_clk_pin
  Path Type:              Hold (Min at Fast Process Corner)
  Requirement:            0.000ns  (sys_clk_pin rise@0.000ns - sys_clk_pin rise@0.000ns)
  Data Path Delay:        0.397ns  (logic 0.274ns (69.098%)  route 0.123ns (30.902%))
  Logic Levels:           1  (CARRY4=1)
  Clock Path Skew:        0.000ns (DCD - SCD - CPR)
    Destination Clock Delay (DCD):    2.249ns
    Source Clock Delay      (SCD):    1.721ns
    Clock Pessimism Removal (CPR):    0.528ns

    Location             Delay type                Incr(ns)  Path(ns)    Netlist Resource(s)
  -------------------------------------------------------------------    -------------------
                         (clock sys_clk_pin rise edge)
                                                      0.000     0.000 r  
    H16                                               0.000     0.000 r  sysclk (IN)
                         net (fo=0)                   0.000     0.000    sysclk
    H16                  IBUF (Prop_ibuf_I_O)         0.219     0.219 r  sysclk_IBUF_inst/O
                         net (fo=1, routed)           0.842     1.060    sysclk_IBUF
    BUFGCTRL_X0Y16       BUFG (Prop_bufg_I_O)         0.026     1.086 r  sysclk_IBUF_BUFG_inst/O
                         net (fo=36, routed)          0.635     1.721    sysclk_IBUF_BUFG
    SLICE_X112Y92        FDRE                                         r  timer_cnt_reg[6]/C
  -------------------------------------------------------------------    -------------------
    SLICE_X112Y92        FDRE (Prop_fdre_C_Q)         0.164     1.885 r  timer_cnt_reg[6]/Q
                         net (fo=2, routed)           0.123     2.008    timer_cnt_reg[6]
    SLICE_X112Y92        CARRY4 (Prop_carry4_S[2]_O[2])
                                                      0.110     2.118 r  timer_cnt_reg[4]_i_1/O[2]
                         net (fo=1, routed)           0.000     2.118    timer_cnt_reg[4]_i_1_n_5
    SLICE_X112Y92        FDRE                                         r  timer_cnt_reg[6]/D
  -------------------------------------------------------------------    -------------------

                         (clock sys_clk_pin rise edge)
                                                      0.000     0.000 r  
    H16                                               0.000     0.000 r  sysclk (IN)
                         net (fo=0)                   0.000     0.000    sysclk
    H16                  IBUF (Prop_ibuf_I_O)         0.406     0.406 r  sysclk_IBUF_inst/O
                         net (fo=1, routed)           0.907     1.313    sysclk_IBUF
    BUFGCTRL_X0Y16       BUFG (Prop_bufg_I_O)         0.029     1.342 r  sysclk_IBUF_BUFG_inst/O
                         net (fo=36, routed)          0.907     2.249    sysclk_IBUF_BUFG
    SLICE_X112Y92        FDRE                                         r  timer_cnt_reg[6]/C
                         clock pessimism             -0.528     1.721    
    SLICE_X112Y92        FDRE (Hold_fdre_C_D)         0.134     1.855    timer_cnt_reg[6]
  -------------------------------------------------------------------
                         required time                         -1.855    
                         arrival time                           2.118    
  -------------------------------------------------------------------
                         slack                                  0.263    

Slack (MET) :             0.264ns  (arrival time - required time)
  Source:                 timer_cnt_reg[30]/C
                            (rising edge-triggered cell FDRE clocked by sys_clk_pin  {rise@0.000ns fall@4.000ns period=8.000ns})
  Destination:            timer_cnt_reg[30]/D
                            (rising edge-triggered cell FDRE clocked by sys_clk_pin  {rise@0.000ns fall@4.000ns period=8.000ns})
  Path Group:             sys_clk_pin
  Path Type:              Hold (Min at Fast Process Corner)
  Requirement:            0.000ns  (sys_clk_pin rise@0.000ns - sys_clk_pin rise@0.000ns)
  Data Path Delay:        0.398ns  (logic 0.274ns (68.900%)  route 0.124ns (31.100%))
  Logic Levels:           1  (CARRY4=1)
  Clock Path Skew:        0.000ns (DCD - SCD - CPR)
    Destination Clock Delay (DCD):    2.251ns
    Source Clock Delay      (SCD):    1.723ns
    Clock Pessimism Removal (CPR):    0.528ns

    Location             Delay type                Incr(ns)  Path(ns)    Netlist Resource(s)
  -------------------------------------------------------------------    -------------------
                         (clock sys_clk_pin rise edge)
                                                      0.000     0.000 r  
    H16                                               0.000     0.000 r  sysclk (IN)
                         net (fo=0)                   0.000     0.000    sysclk
    H16                  IBUF (Prop_ibuf_I_O)         0.219     0.219 r  sysclk_IBUF_inst/O
                         net (fo=1, routed)           0.842     1.060    sysclk_IBUF
    BUFGCTRL_X0Y16       BUFG (Prop_bufg_I_O)         0.026     1.086 r  sysclk_IBUF_BUFG_inst/O
                         net (fo=36, routed)          0.637     1.723    sysclk_IBUF_BUFG
    SLICE_X112Y98        FDRE                                         r  timer_cnt_reg[30]/C
  -------------------------------------------------------------------    -------------------
    SLICE_X112Y98        FDRE (Prop_fdre_C_Q)         0.164     1.887 r  timer_cnt_reg[30]/Q
                         net (fo=2, routed)           0.124     2.011    timer_cnt_reg[30]
    SLICE_X112Y98        CARRY4 (Prop_carry4_S[2]_O[2])
                                                      0.110     2.121 r  timer_cnt_reg[28]_i_1/O[2]
                         net (fo=1, routed)           0.000     2.121    timer_cnt_reg[28]_i_1_n_5
    SLICE_X112Y98        FDRE                                         r  timer_cnt_reg[30]/D
  -------------------------------------------------------------------    -------------------

                         (clock sys_clk_pin rise edge)
                                                      0.000     0.000 r  
    H16                                               0.000     0.000 r  sysclk (IN)
                         net (fo=0)                   0.000     0.000    sysclk
    H16                  IBUF (Prop_ibuf_I_O)         0.406     0.406 r  sysclk_IBUF_inst/O
                         net (fo=1, routed)           0.907     1.313    sysclk_IBUF
    BUFGCTRL_X0Y16       BUFG (Prop_bufg_I_O)         0.029     1.342 r  sysclk_IBUF_BUFG_inst/O
                         net (fo=36, routed)          0.909     2.251    sysclk_IBUF_BUFG
    SLICE_X112Y98        FDRE                                         r  timer_cnt_reg[30]/C
                         clock pessimism             -0.528     1.723    
    SLICE_X112Y98        FDRE (Hold_fdre_C_D)         0.134     1.857    timer_cnt_reg[30]
  -------------------------------------------------------------------
                         required time                         -1.857    
                         arrival time                           2.121    
  -------------------------------------------------------------------
                         slack                                  0.264    

Slack (MET) :             0.264ns  (arrival time - required time)
  Source:                 led_reg[2]/C
                            (rising edge-triggered cell FDRE clocked by sys_clk_pin  {rise@0.000ns fall@4.000ns period=8.000ns})
  Destination:            led_reg[2]/D
                            (rising edge-triggered cell FDRE clocked by sys_clk_pin  {rise@0.000ns fall@4.000ns period=8.000ns})
  Path Group:             sys_clk_pin
  Path Type:              Hold (Min at Fast Process Corner)
  Requirement:            0.000ns  (sys_clk_pin rise@0.000ns - sys_clk_pin rise@0.000ns)
  Data Path Delay:        0.355ns  (logic 0.186ns (52.369%)  route 0.169ns (47.631%))
  Logic Levels:           1  (LUT1=1)
  Clock Path Skew:        0.000ns (DCD - SCD - CPR)
    Destination Clock Delay (DCD):    2.336ns
    Source Clock Delay      (SCD):    1.805ns
    Clock Pessimism Removal (CPR):    0.532ns

    Location             Delay type                Incr(ns)  Path(ns)    Netlist Resource(s)
  -------------------------------------------------------------------    -------------------
                         (clock sys_clk_pin rise edge)
                                                      0.000     0.000 r  
    H16                                               0.000     0.000 r  sysclk (IN)
                         net (fo=0)                   0.000     0.000    sysclk
    H16                  IBUF (Prop_ibuf_I_O)         0.219     0.219 r  sysclk_IBUF_inst/O
                         net (fo=1, routed)           0.842     1.060    sysclk_IBUF
    BUFGCTRL_X0Y16       BUFG (Prop_bufg_I_O)         0.026     1.086 r  sysclk_IBUF_BUFG_inst/O
                         net (fo=36, routed)          0.718     1.805    sysclk_IBUF_BUFG
    SLICE_X113Y104       FDRE                                         r  led_reg[2]/C
  -------------------------------------------------------------------    -------------------
    SLICE_X113Y104       FDRE (Prop_fdre_C_Q)         0.141     1.946 f  led_reg[2]/Q
                         net (fo=2, routed)           0.169     2.115    led_OBUF[2]
    SLICE_X113Y104       LUT1 (Prop_lut1_I0_O)        0.045     2.160 r  led[2]_i_1/O
                         net (fo=1, routed)           0.000     2.160    p_1_in[2]
    SLICE_X113Y104       FDRE                                         r  led_reg[2]/D
  -------------------------------------------------------------------    -------------------

                         (clock sys_clk_pin rise edge)
                                                      0.000     0.000 r  
    H16                                               0.000     0.000 r  sysclk (IN)
                         net (fo=0)                   0.000     0.000    sysclk
    H16                  IBUF (Prop_ibuf_I_O)         0.406     0.406 r  sysclk_IBUF_inst/O
                         net (fo=1, routed)           0.907     1.313    sysclk_IBUF
    BUFGCTRL_X0Y16       BUFG (Prop_bufg_I_O)         0.029     1.342 r  sysclk_IBUF_BUFG_inst/O
                         net (fo=36, routed)          0.994     2.336    sysclk_IBUF_BUFG
    SLICE_X113Y104       FDRE                                         r  led_reg[2]/C
                         clock pessimism             -0.532     1.805    
    SLICE_X113Y104       FDRE (Hold_fdre_C_D)         0.091     1.896    led_reg[2]
  -------------------------------------------------------------------
                         required time                         -1.896    
                         arrival time                           2.160    
  -------------------------------------------------------------------
                         slack                                  0.264    





Pulse Width Checks
--------------------------------------------------------------------------------------
Clock Name:         sys_clk_pin
Waveform(ns):       { 0.000 4.000 }
Period(ns):         8.000
Sources:            { sysclk }

Check Type        Corner  Lib Pin  Reference Pin  Required(ns)  Actual(ns)  Slack(ns)  Location        Pin
Min Period        n/a     BUFG/I   n/a            1.592         8.000       6.408      BUFGCTRL_X0Y16  sysclk_IBUF_BUFG_inst/I
Min Period        n/a     FDRE/C   n/a            1.000         8.000       7.000      SLICE_X113Y87   led_reg[0]/C
Min Period        n/a     FDRE/C   n/a            1.000         8.000       7.000      SLICE_X113Y87   led_reg[1]/C
Min Period        n/a     FDRE/C   n/a            1.000         8.000       7.000      SLICE_X113Y104  led_reg[2]/C
Min Period        n/a     FDRE/C   n/a            1.000         8.000       7.000      SLICE_X113Y103  led_reg[3]/C
Min Period        n/a     FDRE/C   n/a            1.000         8.000       7.000      SLICE_X112Y91   timer_cnt_reg[0]/C
Min Period        n/a     FDRE/C   n/a            1.000         8.000       7.000      SLICE_X112Y93   timer_cnt_reg[10]/C
Min Period        n/a     FDRE/C   n/a            1.000         8.000       7.000      SLICE_X112Y93   timer_cnt_reg[11]/C
Min Period        n/a     FDRE/C   n/a            1.000         8.000       7.000      SLICE_X112Y94   timer_cnt_reg[12]/C
Min Period        n/a     FDRE/C   n/a            1.000         8.000       7.000      SLICE_X112Y94   timer_cnt_reg[13]/C
Low Pulse Width   Slow    FDRE/C   n/a            0.500         4.000       3.500      SLICE_X113Y87   led_reg[0]/C
Low Pulse Width   Fast    FDRE/C   n/a            0.500         4.000       3.500      SLICE_X113Y87   led_reg[0]/C
Low Pulse Width   Slow    FDRE/C   n/a            0.500         4.000       3.500      SLICE_X113Y87   led_reg[1]/C
Low Pulse Width   Fast    FDRE/C   n/a            0.500         4.000       3.500      SLICE_X113Y87   led_reg[1]/C
Low Pulse Width   Fast    FDRE/C   n/a            0.500         4.000       3.500      SLICE_X113Y104  led_reg[2]/C
Low Pulse Width   Fast    FDRE/C   n/a            0.500         4.000       3.500      SLICE_X113Y103  led_reg[3]/C
Low Pulse Width   Fast    FDRE/C   n/a            0.500         4.000       3.500      SLICE_X112Y91   timer_cnt_reg[0]/C
Low Pulse Width   Fast    FDRE/C   n/a            0.500         4.000       3.500      SLICE_X112Y93   timer_cnt_reg[10]/C
Low Pulse Width   Fast    FDRE/C   n/a            0.500         4.000       3.500      SLICE_X112Y93   timer_cnt_reg[11]/C
Low Pulse Width   Fast    FDRE/C   n/a            0.500         4.000       3.500      SLICE_X112Y94   timer_cnt_reg[12]/C
High Pulse Width  Slow    FDRE/C   n/a            0.500         4.000       3.500      SLICE_X113Y104  led_reg[2]/C
High Pulse Width  Slow    FDRE/C   n/a            0.500         4.000       3.500      SLICE_X113Y103  led_reg[3]/C
High Pulse Width  Slow    FDRE/C   n/a            0.500         4.000       3.500      SLICE_X112Y91   timer_cnt_reg[0]/C
High Pulse Width  Slow    FDRE/C   n/a            0.500         4.000       3.500      SLICE_X112Y93   timer_cnt_reg[10]/C
High Pulse Width  Slow    FDRE/C   n/a            0.500         4.000       3.500      SLICE_X112Y93   timer_cnt_reg[11]/C
High Pulse Width  Slow    FDRE/C   n/a            0.500         4.000       3.500      SLICE_X112Y94   timer_cnt_reg[12]/C
High Pulse Width  Slow    FDRE/C   n/a            0.500         4.000       3.500      SLICE_X112Y94   timer_cnt_reg[13]/C
High Pulse Width  Slow    FDRE/C   n/a            0.500         4.000       3.500      SLICE_X112Y94   timer_cnt_reg[14]/C
High Pulse Width  Slow    FDRE/C   n/a            0.500         4.000       3.500      SLICE_X112Y94   timer_cnt_reg[15]/C
High Pulse Width  Slow    FDRE/C   n/a            0.500         4.000       3.500      SLICE_X112Y95   timer_cnt_reg[16]/C



